{"numTotalTestSuites":575,"numPassedTestSuites":571,"numFailedTestSuites":4,"numPendingTestSuites":0,"numTotalTests":1886,"numPassedTests":1749,"numFailedTests":137,"numPendingTests":0,"numTodoTests":0,"startTime":1772757011164,"success":false,"testResults":[{"assertionResults":[],"startTime":1772757011164,"endTime":1772757011164,"status":"failed","message":"No test suite found in file /Users/sean/Projects/homebit/website/app/utils/auth.test.ts","name":"/Users/sean/Projects/homebit/website/app/utils/auth.test.ts"},{"assertionResults":[],"startTime":1772757011164,"endTime":1772757011164,"status":"failed","message":"No test suite found in file /Users/sean/Projects/homebit/website/app/utils/navigation.test.ts","name":"/Users/sean/Projects/homebit/website/app/utils/navigation.test.ts"},{"assertionResults":[],"startTime":1772757011164,"endTime":1772757011164,"status":"failed","message":"No test suite found in file /Users/sean/Projects/homebit/website/app/utils/validation.test.ts","name":"/Users/sean/Projects/homebit/website/app/utils/validation.test.ts"},{"assertionResults":[{"ancestorTitles":["","AuthContext","Initial State"],"fullName":" AuthContext Initial State should initialize with null user and complete loading","status":"passed","title":"should initialize with null user and complete loading","duration":16,"failureMessages":[]},{"ancestorTitles":["","AuthContext","Initial State"],"fullName":" AuthContext Initial State should provide login, signup, and logout functions","status":"passed","title":"should provide login, signup, and logout functions","duration":3,"failureMessages":[]},{"ancestorTitles":["","AuthContext","checkAuth"],"fullName":" AuthContext checkAuth should clear user data if token verification fails","status":"passed","title":"should clear user data if token verification fails","duration":3,"failureMessages":[]},{"ancestorTitles":["","AuthContext","checkAuth"],"fullName":" AuthContext checkAuth should handle malformed user_object in localStorage","status":"passed","title":"should handle malformed user_object in localStorage","duration":5,"failureMessages":[]},{"ancestorTitles":["","AuthContext","login"],"fullName":" AuthContext login should successfully login with valid credentials","status":"passed","title":"should successfully login with valid credentials","duration":64,"failureMessages":[]},{"ancestorTitles":["","AuthContext","login"],"fullName":" AuthContext login should normalize phone number before login","status":"passed","title":"should normalize phone number before login","duration":6,"failureMessages":[]},{"ancestorTitles":["","AuthContext","login"],"fullName":" AuthContext login should handle login error with custom message","status":"passed","title":"should handle login error with custom message","duration":56,"failureMessages":[]},{"ancestorTitles":["","AuthContext","login"],"fullName":" AuthContext login should redirect bureau users to home","status":"passed","title":"should redirect bureau users to home","duration":5,"failureMessages":[]},{"ancestorTitles":["","AuthContext","login"],"fullName":" AuthContext login should redirect to profile setup if incomplete","status":"passed","title":"should redirect to profile setup if incomplete","duration":5,"failureMessages":[]},{"ancestorTitles":["","AuthContext","login"],"fullName":" AuthContext login should redirect household users to choice page if setup not started","status":"passed","title":"should redirect household users to choice page if setup not started","duration":6,"failureMessages":[]},{"ancestorTitles":["","AuthContext","login"],"fullName":" AuthContext login should redirect to home if profile setup is complete","status":"passed","title":"should redirect to home if profile setup is complete","duration":4,"failureMessages":[]},{"ancestorTitles":["","AuthContext","login"],"fullName":" AuthContext login should handle 404 from profile setup check for household","status":"passed","title":"should handle 404 from profile setup check for household","duration":5,"failureMessages":[]},{"ancestorTitles":["","AuthContext","login"],"fullName":" AuthContext login should handle 404 from profile setup check for househelp","status":"passed","title":"should handle 404 from profile setup check for househelp","duration":5,"failureMessages":[]},{"ancestorTitles":["","AuthContext","login"],"fullName":" AuthContext login should continue to home if profile setup check fails","status":"passed","title":"should continue to home if profile setup check fails","duration":8,"failureMessages":[]},{"ancestorTitles":["","AuthContext","login"],"fullName":" AuthContext login should set loading state during login","status":"passed","title":"should set loading state during login","duration":260,"failureMessages":[]},{"ancestorTitles":["","AuthContext","signup"],"fullName":" AuthContext signup should successfully signup with valid data","status":"passed","title":"should successfully signup with valid data","duration":6,"failureMessages":[]},{"ancestorTitles":["","AuthContext","signup"],"fullName":" AuthContext signup should handle signup error","status":"passed","title":"should handle signup error","duration":55,"failureMessages":[]},{"ancestorTitles":["","AuthContext","signup"],"fullName":" AuthContext signup should set loading state during signup","status":"passed","title":"should set loading state during signup","duration":156,"failureMessages":[]},{"ancestorTitles":["","AuthContext","Public Routes"],"fullName":" AuthContext Public Routes should skip auth check on /signup","status":"passed","title":"should skip auth check on /signup","duration":9,"failureMessages":[]},{"ancestorTitles":["","AuthContext","Public Routes"],"fullName":" AuthContext Public Routes should skip auth check on /login","status":"passed","title":"should skip auth check on /login","duration":3,"failureMessages":[]},{"ancestorTitles":["","AuthContext","Public Routes"],"fullName":" AuthContext Public Routes should skip auth check on /forgot-password","status":"passed","title":"should skip auth check on /forgot-password","duration":3,"failureMessages":[]},{"ancestorTitles":["","AuthContext","Public Routes"],"fullName":" AuthContext Public Routes should skip auth check on /reset-password","status":"passed","title":"should skip auth check on /reset-password","duration":3,"failureMessages":[]},{"ancestorTitles":["","AuthContext","Public Routes"],"fullName":" AuthContext Public Routes should skip auth check on /verify-otp","status":"passed","title":"should skip auth check on /verify-otp","duration":6,"failureMessages":[]},{"ancestorTitles":["","AuthContext","Public Routes"],"fullName":" AuthContext Public Routes should skip auth check on /verify-email","status":"passed","title":"should skip auth check on /verify-email","duration":2,"failureMessages":[]},{"ancestorTitles":["","AuthContext","Public Routes"],"fullName":" AuthContext Public Routes should skip auth check on /about","status":"passed","title":"should skip auth check on /about","duration":4,"failureMessages":[]},{"ancestorTitles":["","AuthContext","Public Routes"],"fullName":" AuthContext Public Routes should skip auth check on /services","status":"passed","title":"should skip auth check on /services","duration":2,"failureMessages":[]},{"ancestorTitles":["","AuthContext","Public Routes"],"fullName":" AuthContext Public Routes should skip auth check on /contact","status":"passed","title":"should skip auth check on /contact","duration":2,"failureMessages":[]},{"ancestorTitles":["","AuthContext","Public Routes"],"fullName":" AuthContext Public Routes should skip auth check on /pricing","status":"passed","title":"should skip auth check on /pricing","duration":3,"failureMessages":[]},{"ancestorTitles":["","AuthContext","Public Routes"],"fullName":" AuthContext Public Routes should skip auth check on /terms","status":"passed","title":"should skip auth check on /terms","duration":3,"failureMessages":[]},{"ancestorTitles":["","AuthContext","Public Routes"],"fullName":" AuthContext Public Routes should skip auth check on /privacy","status":"passed","title":"should skip auth check on /privacy","duration":2,"failureMessages":[]},{"ancestorTitles":["","AuthContext","Public Routes"],"fullName":" AuthContext Public Routes should skip auth check on /cookies","status":"passed","title":"should skip auth check on /cookies","duration":2,"failureMessages":[]},{"ancestorTitles":["","AuthContext","Public Routes"],"fullName":" AuthContext Public Routes should skip auth check on /","status":"passed","title":"should skip auth check on /","duration":2,"failureMessages":[]},{"ancestorTitles":["","AuthContext","Error Handling"],"fullName":" AuthContext Error Handling should handle network errors during auth check","status":"passed","title":"should handle network errors during auth check","duration":52,"failureMessages":[]},{"ancestorTitles":["","AuthContext","Error Handling"],"fullName":" AuthContext Error Handling should clear error state on successful login","status":"passed","title":"should clear error state on successful login","duration":108,"failureMessages":[]}],"startTime":1772757024167,"endTime":1772757025043,"status":"passed","message":"","name":"/Users/sean/Projects/homebit/website/app/contexts/__tests__/AuthContext.test.tsx"},{"assertionResults":[{"ancestorTitles":["","ProfileSetupContext","Initialization"],"fullName":" ProfileSetupContext Initialization should initialize with empty profile data","status":"passed","title":"should initialize with empty profile data","duration":8,"failureMessages":[]},{"ancestorTitles":["","ProfileSetupContext","Initialization"],"fullName":" ProfileSetupContext Initialization should provide all required methods","status":"passed","title":"should provide all required methods","duration":1,"failureMessages":[]},{"ancestorTitles":["","ProfileSetupContext","Local State Management"],"fullName":" ProfileSetupContext Local State Management should update step data locally","status":"passed","title":"should update step data locally","duration":2,"failureMessages":[]},{"ancestorTitles":["","ProfileSetupContext","Local State Management"],"fullName":" ProfileSetupContext Local State Management should update multiple steps independently","status":"passed","title":"should update multiple steps independently","duration":1,"failureMessages":[]},{"ancestorTitles":["","ProfileSetupContext","Local State Management"],"fullName":" ProfileSetupContext Local State Management should clear profile data","status":"passed","title":"should clear profile data","duration":2,"failureMessages":[]},{"ancestorTitles":["","ProfileSetupContext","Local State Management"],"fullName":" ProfileSetupContext Local State Management should track unsaved changes","status":"passed","title":"should track unsaved changes","duration":2,"failureMessages":[]}],"startTime":1772757032862,"endTime":1772757032878,"status":"passed","message":"","name":"/Users/sean/Projects/homebit/website/app/contexts/__tests__/ProfileSetupContext.test.tsx"},{"assertionResults":[{"ancestorTitles":["","ThemeContext","Initialization"],"fullName":" ThemeContext Initialization should initialize with system theme preference","status":"passed","title":"should initialize with system theme preference","duration":12,"failureMessages":[]},{"ancestorTitles":["","ThemeContext","Initialization"],"fullName":" ThemeContext Initialization should resolve system theme to light when system prefers light","status":"passed","title":"should resolve system theme to light when system prefers light","duration":4,"failureMessages":[]},{"ancestorTitles":["","ThemeContext","Initialization"],"fullName":" ThemeContext Initialization should resolve system theme to dark when system prefers dark","status":"passed","title":"should resolve system theme to dark when system prefers dark","duration":23,"failureMessages":[]},{"ancestorTitles":["","ThemeContext","Theme Switching"],"fullName":" ThemeContext Theme Switching should toggle theme from light to dark","status":"passed","title":"should toggle theme from light to dark","duration":68,"failureMessages":[]},{"ancestorTitles":["","ThemeContext","Theme Switching"],"fullName":" ThemeContext Theme Switching should set theme to specific value","status":"passed","title":"should set theme to specific value","duration":61,"failureMessages":[]},{"ancestorTitles":["","ThemeContext","System Theme Detection"],"fullName":" ThemeContext System Theme Detection should listen for system theme changes when preference is system","status":"passed","title":"should listen for system theme changes when preference is system","duration":3,"failureMessages":[]},{"ancestorTitles":["","ThemeContext","System Theme Detection"],"fullName":" ThemeContext System Theme Detection should update theme when system preference changes","status":"passed","title":"should update theme when system preference changes","duration":58,"failureMessages":[]},{"ancestorTitles":["","ThemeContext","System Theme Detection"],"fullName":" ThemeContext System Theme Detection should cleanup event listener on unmount","status":"passed","title":"should cleanup event listener on unmount","duration":2,"failureMessages":[]},{"ancestorTitles":["","ThemeContext","Backend Integration"],"fullName":" ThemeContext Backend Integration should load theme from backend for authenticated users","status":"passed","title":"should load theme from backend for authenticated users","duration":61,"failureMessages":[]},{"ancestorTitles":["","ThemeContext","Backend Integration"],"fullName":" ThemeContext Backend Integration should sync theme changes to backend for authenticated users","status":"passed","title":"should sync theme changes to backend for authenticated users","duration":7,"failureMessages":[]},{"ancestorTitles":["","ThemeContext","Backend Integration"],"fullName":" ThemeContext Backend Integration should not sync to backend on public routes","status":"passed","title":"should not sync to backend on public routes","duration":56,"failureMessages":[]},{"ancestorTitles":["","ThemeContext","Backend Integration"],"fullName":" ThemeContext Backend Integration should not sync to backend for unauthenticated users","status":"passed","title":"should not sync to backend for unauthenticated users","duration":56,"failureMessages":[]},{"ancestorTitles":["","ThemeContext","Backend Integration"],"fullName":" ThemeContext Backend Integration should handle invalid theme values from backend","status":"passed","title":"should handle invalid theme values from backend","duration":2,"failureMessages":[]},{"ancestorTitles":["","ThemeContext","Preference Migration"],"fullName":" ThemeContext Preference Migration should migrate preferences and reload theme","status":"passed","title":"should migrate preferences and reload theme","duration":56,"failureMessages":[]},{"ancestorTitles":["","ThemeContext","Preference Migration"],"fullName":" ThemeContext Preference Migration should handle migration failure gracefully","status":"passed","title":"should handle migration failure gracefully","duration":7,"failureMessages":[]},{"ancestorTitles":["","ThemeContext","Public Routes"],"fullName":" ThemeContext Public Routes should skip backend preferences on /signup","status":"passed","title":"should skip backend preferences on /signup","duration":4,"failureMessages":[]},{"ancestorTitles":["","ThemeContext","Public Routes"],"fullName":" ThemeContext Public Routes should skip backend preferences on /login","status":"passed","title":"should skip backend preferences on /login","duration":4,"failureMessages":[]},{"ancestorTitles":["","ThemeContext","Public Routes"],"fullName":" ThemeContext Public Routes should skip backend preferences on /forgot-password","status":"passed","title":"should skip backend preferences on /forgot-password","duration":3,"failureMessages":[]},{"ancestorTitles":["","ThemeContext","Public Routes"],"fullName":" ThemeContext Public Routes should skip backend preferences on /reset-password","status":"passed","title":"should skip backend preferences on /reset-password","duration":2,"failureMessages":[]},{"ancestorTitles":["","ThemeContext","Public Routes"],"fullName":" ThemeContext Public Routes should skip backend preferences on /verify-otp","status":"passed","title":"should skip backend preferences on /verify-otp","duration":2,"failureMessages":[]},{"ancestorTitles":["","ThemeContext","Public Routes"],"fullName":" ThemeContext Public Routes should skip backend preferences on /verify-email","status":"passed","title":"should skip backend preferences on /verify-email","duration":4,"failureMessages":[]},{"ancestorTitles":["","ThemeContext","useTheme Hook"],"fullName":" ThemeContext useTheme Hook should throw error when used outside ThemeProvider","status":"passed","title":"should throw error when used outside ThemeProvider","duration":7,"failureMessages":[]},{"ancestorTitles":["","ThemeContext","useTheme Hook"],"fullName":" ThemeContext useTheme Hook should provide all theme methods","status":"passed","title":"should provide all theme methods","duration":2,"failureMessages":[]},{"ancestorTitles":["","ThemeContext","Edge Cases"],"fullName":" ThemeContext Edge Cases should handle SSR environment (no window)","status":"passed","title":"should handle SSR environment (no window)","duration":3,"failureMessages":[]},{"ancestorTitles":["","ThemeContext","Edge Cases"],"fullName":" ThemeContext Edge Cases should handle rapid theme changes","status":"passed","title":"should handle rapid theme changes","duration":56,"failureMessages":[]},{"ancestorTitles":["","ThemeContext","Edge Cases"],"fullName":" ThemeContext Edge Cases should handle theme preference changes during system theme updates","status":"passed","title":"should handle theme preference changes during system theme updates","duration":57,"failureMessages":[]}],"startTime":1772757028174,"endTime":1772757028794,"status":"passed","message":"","name":"/Users/sean/Projects/homebit/website/app/contexts/__tests__/ThemeContext.test.tsx"},{"assertionResults":[{"ancestorTitles":["","useAuth"],"fullName":" useAuth should throw error when used outside AuthProvider","status":"passed","title":"should throw error when used outside AuthProvider","duration":16,"failureMessages":[]},{"ancestorTitles":["","useAuth"],"fullName":" useAuth should return context value when used within AuthProvider","status":"passed","title":"should return context value when used within AuthProvider","duration":3,"failureMessages":[]},{"ancestorTitles":["","useAuth"],"fullName":" useAuth should return user when authenticated","status":"passed","title":"should return user when authenticated","duration":1,"failureMessages":[]},{"ancestorTitles":["","useAuth"],"fullName":" useAuth should return error when present","status":"passed","title":"should return error when present","duration":1,"failureMessages":[]},{"ancestorTitles":["","useAuth"],"fullName":" useAuth should return loading state","status":"passed","title":"should return loading state","duration":2,"failureMessages":[]},{"ancestorTitles":["","useAuth"],"fullName":" useAuth should provide all auth methods","status":"passed","title":"should provide all auth methods","duration":1,"failureMessages":[]}],"startTime":1772757032875,"endTime":1772757032899,"status":"passed","message":"","name":"/Users/sean/Projects/homebit/website/app/contexts/__tests__/useAuth.test.tsx"},{"assertionResults":[{"ancestorTitles":["","Bio Component","1. Rendering & Content - Househelp"],"fullName":" Bio Component 1. Rendering & Content - Househelp should render househelp title","status":"passed","title":"should render househelp title","duration":39,"failureMessages":[]},{"ancestorTitles":["","Bio Component","1. Rendering & Content - Househelp"],"fullName":" Bio Component 1. Rendering & Content - Househelp should render househelp description","status":"passed","title":"should render househelp description","duration":5,"failureMessages":[]},{"ancestorTitles":["","Bio Component","1. Rendering & Content - Househelp"],"fullName":" Bio Component 1. Rendering & Content - Househelp should render textarea with househelp placeholder","status":"passed","title":"should render textarea with househelp placeholder","duration":7,"failureMessages":[]},{"ancestorTitles":["","Bio Component","1. Rendering & Content - Househelp"],"fullName":" Bio Component 1. Rendering & Content - Househelp should render save button","status":"passed","title":"should render save button","duration":126,"failureMessages":[]},{"ancestorTitles":["","Bio Component","1. Rendering & Content - Househelp"],"fullName":" Bio Component 1. Rendering & Content - Househelp should render character counter","status":"passed","title":"should render character counter","duration":5,"failureMessages":[]},{"ancestorTitles":["","Bio Component","2. Rendering & Content - Household"],"fullName":" Bio Component 2. Rendering & Content - Household should render household title","status":"passed","title":"should render household title","duration":24,"failureMessages":[]},{"ancestorTitles":["","Bio Component","2. Rendering & Content - Household"],"fullName":" Bio Component 2. Rendering & Content - Household should render household description","status":"passed","title":"should render household description","duration":60,"failureMessages":[]},{"ancestorTitles":["","Bio Component","2. Rendering & Content - Household"],"fullName":" Bio Component 2. Rendering & Content - Household should render textarea with household placeholder","status":"passed","title":"should render textarea with household placeholder","duration":4,"failureMessages":[]},{"ancestorTitles":["","Bio Component","2. Rendering & Content - Household"],"fullName":" Bio Component 2. Rendering & Content - Household should default to househelp when no userType provided","status":"passed","title":"should default to househelp when no userType provided","duration":8,"failureMessages":[]},{"ancestorTitles":["","Bio Component","3. Theme Consistency"],"fullName":" Bio Component 3. Theme Consistency should use purple theme for labels","status":"passed","title":"should use purple theme for labels","duration":10,"failureMessages":[]},{"ancestorTitles":["","Bio Component","3. Theme Consistency"],"fullName":" Bio Component 3. Theme Consistency should have purple gradient submit button","status":"passed","title":"should have purple gradient submit button","duration":55,"failureMessages":[]},{"ancestorTitles":["","Bio Component","3. Theme Consistency"],"fullName":" Bio Component 3. Theme Consistency should support dark mode classes","status":"passed","title":"should support dark mode classes","duration":46,"failureMessages":[]},{"ancestorTitles":["","Bio Component","4. Accessibility"],"fullName":" Bio Component 4. Accessibility should have proper label association","status":"passed","title":"should have proper label association","duration":25,"failureMessages":[]},{"ancestorTitles":["","Bio Component","4. Accessibility"],"fullName":" Bio Component 4. Accessibility should have required indicator","status":"passed","title":"should have required indicator","duration":2,"failureMessages":[]},{"ancestorTitles":["","Bio Component","4. Accessibility"],"fullName":" Bio Component 4. Accessibility should have proper button type","status":"passed","title":"should have proper button type","duration":42,"failureMessages":[]},{"ancestorTitles":["","Bio Component","4. Accessibility"],"fullName":" Bio Component 4. Accessibility should have accessible textarea","status":"passed","title":"should have accessible textarea","duration":29,"failureMessages":[]},{"ancestorTitles":["","Bio Component","5. Character Counter"],"fullName":" Bio Component 5. Character Counter should update character count on input","status":"passed","title":"should update character count on input","duration":104,"failureMessages":[]},{"ancestorTitles":["","Bio Component","5. Character Counter"],"fullName":" Bio Component 5. Character Counter should show warning color when less than 100 characters remaining","status":"passed","title":"should show warning color when less than 100 characters remaining","duration":4678,"failureMessages":[]},{"ancestorTitles":["","Bio Component","5. Character Counter"],"fullName":" Bio Component 5. Character Counter should enforce max character limit","status":"passed","title":"should enforce max character limit","duration":28,"failureMessages":[]},{"ancestorTitles":["","Bio Component","5. Character Counter"],"fullName":" Bio Component 5. Character Counter should show 0 characters remaining at max","status":"passed","title":"should show 0 characters remaining at max","duration":4121,"failureMessages":[]},{"ancestorTitles":["","Bio Component","6. Form Validation"],"fullName":" Bio Component 6. Form Validation should disable submit button when bio is empty","status":"passed","title":"should disable submit button when bio is empty","duration":19,"failureMessages":[]},{"ancestorTitles":["","Bio Component","6. Form Validation"],"fullName":" Bio Component 6. Form Validation should disable submit button when bio is less than 25 characters","status":"passed","title":"should disable submit button when bio is less than 25 characters","duration":61,"failureMessages":[]},{"ancestorTitles":["","Bio Component","6. Form Validation"],"fullName":" Bio Component 6. Form Validation should show minimum character warning","status":"passed","title":"should show minimum character warning","duration":47,"failureMessages":[]},{"ancestorTitles":["","Bio Component","6. Form Validation"],"fullName":" Bio Component 6. Form Validation should enable submit button when bio is 25+ characters","status":"passed","title":"should enable submit button when bio is 25+ characters","duration":157,"failureMessages":[]},{"ancestorTitles":["","Bio Component","6. Form Validation"],"fullName":" Bio Component 6. Form Validation should not show warning when bio is empty","status":"passed","title":"should not show warning when bio is empty","duration":2,"failureMessages":[]},{"ancestorTitles":["","Bio Component","6. Form Validation"],"fullName":" Bio Component 6. Form Validation should show error message when trying to submit invalid bio","status":"passed","title":"should show error message when trying to submit invalid bio","duration":63,"failureMessages":[]},{"ancestorTitles":["","Bio Component","7. User Interactions"],"fullName":" Bio Component 7. User Interactions should update textarea value on input","status":"passed","title":"should update textarea value on input","duration":63,"failureMessages":[]},{"ancestorTitles":["","Bio Component","7. User Interactions"],"fullName":" Bio Component 7. User Interactions should call markDirty when typing","status":"passed","title":"should call markDirty when typing","duration":30,"failureMessages":[]},{"ancestorTitles":["","Bio Component","7. User Interactions"],"fullName":" Bio Component 7. User Interactions should allow multiline input","status":"passed","title":"should allow multiline input","duration":47,"failureMessages":[]},{"ancestorTitles":["","Bio Component","8. API Integration - Load Bio"],"fullName":" Bio Component 8. API Integration - Load Bio should load existing bio on mount","status":"failed","title":"should load existing bio on mount","duration":3027,"failureMessages":["expected \"spy\" to be called at least once\n\nIgnored nodes: comments, script, style\n\u001b[36m<html>\u001b[39m\n  \u001b[36m<head />\u001b[39m\n  \u001b[36m<body>\u001b[39m\n    \u001b[36m<div>\u001b[39m\n      \u001b[36m<div\u001b[39m\n        \u001b[33mclass\u001b[39m=\u001b[32m\"max-w-2xl mx-auto\"\u001b[39m\n      \u001b[36m>\u001b[39m\n        \u001b[36m<h2\u001b[39m\n          \u001b[33mclass\u001b[39m=\u001b[32m\"text-sm font-semibold text-purple-700 dark:text-purple-400 mb-2\"\u001b[39m\n        \u001b[36m>\u001b[39m\n          \u001b[0m✍️ About You\u001b[0m\n        \u001b[36m</h2>\u001b[39m\n        \u001b[36m<p\u001b[39m\n          \u001b[33mclass\u001b[39m=\u001b[32m\"text-xs text-gray-600 dark:text-gray-400 mb-4\"\u001b[39m\n        \u001b[36m>\u001b[39m\n          \u001b[0mShare your story, experience, and what makes you special\u001b[0m\n        \u001b[36m</p>\u001b[39m\n        \u001b[36m<form\u001b[39m\n          \u001b[33mclass\u001b[39m=\u001b[32m\"space-y-6\"\u001b[39m\n        \u001b[36m>\u001b[39m\n          \u001b[36m<div>\u001b[39m\n            \u001b[36m<label\u001b[39m\n              \u001b[33mclass\u001b[39m=\u001b[32m\"block text-sm font-semibold text-purple-700 dark:text-purple-400 mb-2\"\u001b[39m\n              \u001b[33mfor\u001b[39m=\u001b[32m\"bio\"\u001b[39m\n            \u001b[36m>\u001b[39m\n              \u001b[0mYour Bio \u001b[0m\n              \u001b[36m<span\u001b[39m\n                \u001b[33mclass\u001b[39m=\u001b[32m\"text-red-500\"\u001b[39m\n              \u001b[36m>\u001b[39m\n                \u001b[0m*\u001b[0m\n              \u001b[36m</span>\u001b[39m\n            \u001b[36m</label>\u001b[39m\n            \u001b[36m<div\u001b[39m\n              \u001b[33mclass\u001b[39m=\u001b[32m\"mt-1 relative\"\u001b[39m\n            \u001b[36m>\u001b[39m\n              \u001b[36m<textarea\u001b[39m\n                \u001b[33mclass\u001b[39m=\u001b[32m\"block w-full px-4 py-3 rounded-xl border-2 bg-white dark:bg-[#13131a] text-gray-900 dark:text-white placeholder-gray-500 dark:placeholder-gray-400 focus:outline-none focus:ring-2 transition-all border-purple-200 dark:border-purple-500/30 focus:ring-purple-500 focus:border-purple-400\"\u001b[39m\n                \u001b[33mid\u001b[39m=\u001b[32m\"bio\"\u001b[39m\n                \u001b[33mmaxlength\u001b[39m=\u001b[32m\"2000\"\u001b[39m\n                \u001b[33mplaceholder\u001b[39m=\u001b[32m\"Tell households about your experience, skills, personality, and why you're the perfect fit...\"\u001b[39m\n                \u001b[33mrows\u001b[39m=\u001b[32m\"8\"\u001b[39m\n              \u001b[36m/>\u001b[39m\n              \u001b[36m<div\u001b[39m\n                \u001b[33mclass\u001b[39m=\u001b[32m\"mt-2 flex justify-between text-sm\"\u001b[39m\n              \u001b[36m>\u001b[39m\n                \u001b[36m<div />\u001b[39m\n                \u001b[36m<div\u001b[39m\n                  \u001b[33mclass\u001b[39m=\u001b[32m\"font-medium text-gray-500 dark:text-gray-400\"\u001b[39m\n                \u001b[36m>\u001b[39m\n                  \u001b[0m2000\u001b[0m\n                  \u001b[0m characters remaining\u001b[0m\n                \u001b[36m</div>\u001b[39m\n              \u001b[36m</div>\u001b[39m\n            \u001b[36m</div>\u001b[39m\n          \u001b[36m</div>\u001b[39m\n          \u001b[36m<button\u001b[39m\n            \u001b[33mclass\u001b[39m=\u001b[32m\"w-full px-8 py-1.5 rounded-xl bg-gradient-to-r from-purple-600 to-pink-600 text-white font-bold text-sm shadow-lg hover:from-purple-700 hover:to-pink-700 hover:scale-105 transition-all focus:outline-none focus:ring-2 focus:ring-purple-500 disabled:opacity-50 disabled:cursor-not-allowed disabled:hover:scale-100 flex items-center justify-center gap-2\"\u001b[39m\n            \u001b[33mdisabled\u001b[39m=\u001b[32m\"\"\u001b[39m\n            \u001b[33mtype\u001b[39m=\u001b[32m\"submit\"\u001b[39m\n          \u001b[36m>\u001b[39m\n            \u001b[0m💾 Save\u001b[0m\n          \u001b[36m</button>\u001b[39m\n        \u001b[36m</form>\u001b[39m\n      \u001b[36m</div>\u001b[39m\n    \u001b[36m</div>\u001b[39m\n  \u001b[36m</body>\u001b[39m\n\u001b[36m</html>\u001b[39m"],"location":{"line":318,"column":27}},{"ancestorTitles":["","Bio Component","8. API Integration - Load Bio"],"fullName":" Bio Component 8. API Integration - Load Bio should call API with correct headers","status":"failed","title":"should call API with correct headers","duration":3021,"failureMessages":["expected \"spy\" to be called with arguments: [ StringContaining{…}, …(1) ]\u001b[90m\n\nReceived: \n\n\u001b[39m\u001b[90m\n\nNumber of calls: \u001b[1m0\u001b[22m\n\u001b[39m\n\nIgnored nodes: comments, script, style\n\u001b[36m<html>\u001b[39m\n  \u001b[36m<head />\u001b[39m\n  \u001b[36m<body>\u001b[39m\n    \u001b[36m<div>\u001b[39m\n      \u001b[36m<div\u001b[39m\n        \u001b[33mclass\u001b[39m=\u001b[32m\"max-w-2xl mx-auto\"\u001b[39m\n      \u001b[36m>\u001b[39m\n        \u001b[36m<h2\u001b[39m\n          \u001b[33mclass\u001b[39m=\u001b[32m\"text-sm font-semibold text-purple-700 dark:text-purple-400 mb-2\"\u001b[39m\n        \u001b[36m>\u001b[39m\n          \u001b[0m✍️ About You\u001b[0m\n        \u001b[36m</h2>\u001b[39m\n        \u001b[36m<p\u001b[39m\n          \u001b[33mclass\u001b[39m=\u001b[32m\"text-xs text-gray-600 dark:text-gray-400 mb-4\"\u001b[39m\n        \u001b[36m>\u001b[39m\n          \u001b[0mShare your story, experience, and what makes you special\u001b[0m\n        \u001b[36m</p>\u001b[39m\n        \u001b[36m<form\u001b[39m\n          \u001b[33mclass\u001b[39m=\u001b[32m\"space-y-6\"\u001b[39m\n        \u001b[36m>\u001b[39m\n          \u001b[36m<div>\u001b[39m\n            \u001b[36m<label\u001b[39m\n              \u001b[33mclass\u001b[39m=\u001b[32m\"block text-sm font-semibold text-purple-700 dark:text-purple-400 mb-2\"\u001b[39m\n              \u001b[33mfor\u001b[39m=\u001b[32m\"bio\"\u001b[39m\n            \u001b[36m>\u001b[39m\n              \u001b[0mYour Bio \u001b[0m\n              \u001b[36m<span\u001b[39m\n                \u001b[33mclass\u001b[39m=\u001b[32m\"text-red-500\"\u001b[39m\n              \u001b[36m>\u001b[39m\n                \u001b[0m*\u001b[0m\n              \u001b[36m</span>\u001b[39m\n            \u001b[36m</label>\u001b[39m\n            \u001b[36m<div\u001b[39m\n              \u001b[33mclass\u001b[39m=\u001b[32m\"mt-1 relative\"\u001b[39m\n            \u001b[36m>\u001b[39m\n              \u001b[36m<textarea\u001b[39m\n                \u001b[33mclass\u001b[39m=\u001b[32m\"block w-full px-4 py-3 rounded-xl border-2 bg-white dark:bg-[#13131a] text-gray-900 dark:text-white placeholder-gray-500 dark:placeholder-gray-400 focus:outline-none focus:ring-2 transition-all border-purple-200 dark:border-purple-500/30 focus:ring-purple-500 focus:border-purple-400\"\u001b[39m\n                \u001b[33mid\u001b[39m=\u001b[32m\"bio\"\u001b[39m\n                \u001b[33mmaxlength\u001b[39m=\u001b[32m\"2000\"\u001b[39m\n                \u001b[33mplaceholder\u001b[39m=\u001b[32m\"Tell households about your experience, skills, personality, and why you're the perfect fit...\"\u001b[39m\n                \u001b[33mrows\u001b[39m=\u001b[32m\"8\"\u001b[39m\n              \u001b[36m/>\u001b[39m\n              \u001b[36m<div\u001b[39m\n                \u001b[33mclass\u001b[39m=\u001b[32m\"mt-2 flex justify-between text-sm\"\u001b[39m\n              \u001b[36m>\u001b[39m\n                \u001b[36m<div />\u001b[39m\n                \u001b[36m<div\u001b[39m\n                  \u001b[33mclass\u001b[39m=\u001b[32m\"font-medium text-gray-500 dark:text-gray-400\"\u001b[39m\n                \u001b[36m>\u001b[39m\n                  \u001b[0m2000\u001b[0m\n                  \u001b[0m characters remaining\u001b[0m\n                \u001b[36m</div>\u001b[39m\n              \u001b[36m</div>\u001b[39m\n            \u001b[36m</div>\u001b[39m\n          \u001b[36m</div>\u001b[39m\n          \u001b[36m<button\u001b[39m\n            \u001b[33mclass\u001b[39m=\u001b[32m\"w-full px-8 py-1.5 rounded-xl bg-gradient-to-r from-purple-600 to-pink-600 text-white font-bold text-sm shadow-lg hover:from-purple-700 hover:to-pink-700 hover:scale-105 transition-all focus:outline-none focus:ring-2 focus:ring-purple-500 disabled:opacity-50 disabled:cursor-not-allowed disabled:hover:scale-100 flex items-center justify-center gap-2\"\u001b[39m\n            \u001b[33mdisabled\u001b[39m=\u001b[32m\"\"\u001b[39m\n            \u001b[33mtype\u001b[39m=\u001b[32m\"submit\"\u001b[39m\n          \u001b[36m>\u001b[39m\n            \u001b[0m💾 Save\u001b[0m\n          \u001b[36m</button>\u001b[39m\n        \u001b[36m</form>\u001b[39m\n      \u001b[36m</div>\u001b[39m\n    \u001b[36m</div>\u001b[39m\n  \u001b[36m</body>\u001b[39m\n\u001b[36m</html>\u001b[39m"],"location":{"line":340,"column":26}},{"ancestorTitles":["","Bio Component","8. API Integration - Load Bio"],"fullName":" Bio Component 8. API Integration - Load Bio should handle API error gracefully","status":"failed","title":"should handle API error gracefully","duration":3016,"failureMessages":["expected \"spy\" to be called at least once\n\nIgnored nodes: comments, script, style\n\u001b[36m<html>\u001b[39m\n  \u001b[36m<head />\u001b[39m\n  \u001b[36m<body>\u001b[39m\n    \u001b[36m<div>\u001b[39m\n      \u001b[36m<div\u001b[39m\n        \u001b[33mclass\u001b[39m=\u001b[32m\"max-w-2xl mx-auto\"\u001b[39m\n      \u001b[36m>\u001b[39m\n        \u001b[36m<h2\u001b[39m\n          \u001b[33mclass\u001b[39m=\u001b[32m\"text-sm font-semibold text-purple-700 dark:text-purple-400 mb-2\"\u001b[39m\n        \u001b[36m>\u001b[39m\n          \u001b[0m✍️ About You\u001b[0m\n        \u001b[36m</h2>\u001b[39m\n        \u001b[36m<p\u001b[39m\n          \u001b[33mclass\u001b[39m=\u001b[32m\"text-xs text-gray-600 dark:text-gray-400 mb-4\"\u001b[39m\n        \u001b[36m>\u001b[39m\n          \u001b[0mShare your story, experience, and what makes you special\u001b[0m\n        \u001b[36m</p>\u001b[39m\n        \u001b[36m<form\u001b[39m\n          \u001b[33mclass\u001b[39m=\u001b[32m\"space-y-6\"\u001b[39m\n        \u001b[36m>\u001b[39m\n          \u001b[36m<div>\u001b[39m\n            \u001b[36m<label\u001b[39m\n              \u001b[33mclass\u001b[39m=\u001b[32m\"block text-sm font-semibold text-purple-700 dark:text-purple-400 mb-2\"\u001b[39m\n              \u001b[33mfor\u001b[39m=\u001b[32m\"bio\"\u001b[39m\n            \u001b[36m>\u001b[39m\n              \u001b[0mYour Bio \u001b[0m\n              \u001b[36m<span\u001b[39m\n                \u001b[33mclass\u001b[39m=\u001b[32m\"text-red-500\"\u001b[39m\n              \u001b[36m>\u001b[39m\n                \u001b[0m*\u001b[0m\n              \u001b[36m</span>\u001b[39m\n            \u001b[36m</label>\u001b[39m\n            \u001b[36m<div\u001b[39m\n              \u001b[33mclass\u001b[39m=\u001b[32m\"mt-1 relative\"\u001b[39m\n            \u001b[36m>\u001b[39m\n              \u001b[36m<textarea\u001b[39m\n                \u001b[33mclass\u001b[39m=\u001b[32m\"block w-full px-4 py-3 rounded-xl border-2 bg-white dark:bg-[#13131a] text-gray-900 dark:text-white placeholder-gray-500 dark:placeholder-gray-400 focus:outline-none focus:ring-2 transition-all border-purple-200 dark:border-purple-500/30 focus:ring-purple-500 focus:border-purple-400\"\u001b[39m\n                \u001b[33mid\u001b[39m=\u001b[32m\"bio\"\u001b[39m\n                \u001b[33mmaxlength\u001b[39m=\u001b[32m\"2000\"\u001b[39m\n                \u001b[33mplaceholder\u001b[39m=\u001b[32m\"Tell households about your experience, skills, personality, and why you're the perfect fit...\"\u001b[39m\n                \u001b[33mrows\u001b[39m=\u001b[32m\"8\"\u001b[39m\n              \u001b[36m/>\u001b[39m\n              \u001b[36m<div\u001b[39m\n                \u001b[33mclass\u001b[39m=\u001b[32m\"mt-2 flex justify-between text-sm\"\u001b[39m\n              \u001b[36m>\u001b[39m\n                \u001b[36m<div />\u001b[39m\n                \u001b[36m<div\u001b[39m\n                  \u001b[33mclass\u001b[39m=\u001b[32m\"font-medium text-gray-500 dark:text-gray-400\"\u001b[39m\n                \u001b[36m>\u001b[39m\n                  \u001b[0m2000\u001b[0m\n                  \u001b[0m characters remaining\u001b[0m\n                \u001b[36m</div>\u001b[39m\n              \u001b[36m</div>\u001b[39m\n            \u001b[36m</div>\u001b[39m\n          \u001b[36m</div>\u001b[39m\n          \u001b[36m<button\u001b[39m\n            \u001b[33mclass\u001b[39m=\u001b[32m\"w-full px-8 py-1.5 rounded-xl bg-gradient-to-r from-purple-600 to-pink-600 text-white font-bold text-sm shadow-lg hover:from-purple-700 hover:to-pink-700 hover:scale-105 transition-all focus:outline-none focus:ring-2 focus:ring-purple-500 disabled:opacity-50 disabled:cursor-not-allowed disabled:hover:scale-100 flex items-center justify-center gap-2\"\u001b[39m\n            \u001b[33mdisabled\u001b[39m=\u001b[32m\"\"\u001b[39m\n            \u001b[33mtype\u001b[39m=\u001b[32m\"submit\"\u001b[39m\n          \u001b[36m>\u001b[39m\n            \u001b[0m💾 Save\u001b[0m\n          \u001b[36m</button>\u001b[39m\n        \u001b[36m</form>\u001b[39m\n      \u001b[36m</div>\u001b[39m\n    \u001b[36m</div>\u001b[39m\n  \u001b[36m</body>\u001b[39m\n\u001b[36m</html>\u001b[39m"],"location":{"line":359,"column":27}},{"ancestorTitles":["","Bio Component","8. API Integration - Load Bio"],"fullName":" Bio Component 8. API Integration - Load Bio should not load bio when no token exists","status":"passed","title":"should not load bio when no token exists","duration":5,"failureMessages":[]},{"ancestorTitles":["","Bio Component","9. API Integration - Save Bio (Household)"],"fullName":" Bio Component 9. API Integration - Save Bio (Household) should save household bio successfully","status":"passed","title":"should save household bio successfully","duration":332,"failureMessages":[]},{"ancestorTitles":["","Bio Component","9. API Integration - Save Bio (Household)"],"fullName":" Bio Component 9. API Integration - Save Bio (Household) should call household API endpoint with correct data","status":"passed","title":"should call household API endpoint with correct data","duration":387,"failureMessages":[]},{"ancestorTitles":["","Bio Component","9. API Integration - Save Bio (Household)"],"fullName":" Bio Component 9. API Integration - Save Bio (Household) should include step metadata for household","status":"passed","title":"should include step metadata for household","duration":244,"failureMessages":[]},{"ancestorTitles":["","Bio Component","10. API Integration - Save Bio (Househelp)"],"fullName":" Bio Component 10. API Integration - Save Bio (Househelp) should save househelp bio successfully","status":"passed","title":"should save househelp bio successfully","duration":251,"failureMessages":[]},{"ancestorTitles":["","Bio Component","10. API Integration - Save Bio (Househelp)"],"fullName":" Bio Component 10. API Integration - Save Bio (Househelp) should call househelp API endpoint with correct data","status":"passed","title":"should call househelp API endpoint with correct data","duration":339,"failureMessages":[]},{"ancestorTitles":["","Bio Component","10. API Integration - Save Bio (Househelp)"],"fullName":" Bio Component 10. API Integration - Save Bio (Househelp) should include step metadata for househelp","status":"passed","title":"should include step metadata for househelp","duration":241,"failureMessages":[]},{"ancestorTitles":["","Bio Component","10. API Integration - Save Bio (Househelp)"],"fullName":" Bio Component 10. API Integration - Save Bio (Househelp) should call markClean after successful save","status":"passed","title":"should call markClean after successful save","duration":178,"failureMessages":[]},{"ancestorTitles":["","Bio Component","11. Error Handling"],"fullName":" Bio Component 11. Error Handling should show error message on API failure","status":"failed","title":"should show error message on API failure","duration":5020,"failureMessages":["Test timed out in 5000ms.\nIf this is a long-running test, pass a timeout value as the last argument or configure it globally with \"testTimeout\"."]},{"ancestorTitles":["","Bio Component","11. Error Handling"],"fullName":" Bio Component 11. Error Handling should handle network error","status":"failed","title":"should handle network error","duration":5019,"failureMessages":["Test timed out in 5000ms.\nIf this is a long-running test, pass a timeout value as the last argument or configure it globally with \"testTimeout\"."]},{"ancestorTitles":["","Bio Component","11. Error Handling"],"fullName":" Bio Component 11. Error Handling should not call markClean on error","status":"failed","title":"should not call markClean on error","duration":5016,"failureMessages":["Test timed out in 5000ms.\nIf this is a long-running test, pass a timeout value as the last argument or configure it globally with \"testTimeout\"."]},{"ancestorTitles":["","Bio Component","12. Loading States"],"fullName":" Bio Component 12. Loading States should disable button while submitting","status":"passed","title":"should disable button while submitting","duration":195,"failureMessages":[]},{"ancestorTitles":["","Bio Component","12. Loading States"],"fullName":" Bio Component 12. Loading States should show loading text while submitting","status":"passed","title":"should show loading text while submitting","duration":139,"failureMessages":[]},{"ancestorTitles":["","Bio Component","12. Loading States"],"fullName":" Bio Component 12. Loading States should show spinner icon while loading","status":"passed","title":"should show spinner icon while loading","duration":136,"failureMessages":[]},{"ancestorTitles":["","Bio Component","12. Loading States"],"fullName":" Bio Component 12. Loading States should re-enable button after submission completes","status":"passed","title":"should re-enable button after submission completes","duration":141,"failureMessages":[]},{"ancestorTitles":["","Bio Component","13. Visual Feedback"],"fullName":" Bio Component 13. Visual Feedback should have purple border by default","status":"passed","title":"should have purple border by default","duration":17,"failureMessages":[]},{"ancestorTitles":["","Bio Component","13. Visual Feedback"],"fullName":" Bio Component 13. Visual Feedback should have purple border when valid","status":"passed","title":"should have purple border when valid","duration":116,"failureMessages":[]},{"ancestorTitles":["","Bio Component","13. Visual Feedback"],"fullName":" Bio Component 13. Visual Feedback should have hover scale effect on button","status":"passed","title":"should have hover scale effect on button","duration":12,"failureMessages":[]},{"ancestorTitles":["","Bio Component","13. Visual Feedback"],"fullName":" Bio Component 13. Visual Feedback should have transition classes","status":"passed","title":"should have transition classes","duration":20,"failureMessages":[]},{"ancestorTitles":["","Bio Component","14. Edge Cases"],"fullName":" Bio Component 14. Edge Cases should handle exactly 25 characters","status":"passed","title":"should handle exactly 25 characters","duration":70,"failureMessages":[]},{"ancestorTitles":["","Bio Component","14. Edge Cases"],"fullName":" Bio Component 14. Edge Cases should handle exactly 2000 characters","status":"passed","title":"should handle exactly 2000 characters","duration":3182,"failureMessages":[]},{"ancestorTitles":["","Bio Component","14. Edge Cases"],"fullName":" Bio Component 14. Edge Cases should handle special characters","status":"passed","title":"should handle special characters","duration":81,"failureMessages":[]},{"ancestorTitles":["","Bio Component","14. Edge Cases"],"fullName":" Bio Component 14. Edge Cases should handle unicode characters","status":"passed","title":"should handle unicode characters","duration":70,"failureMessages":[]},{"ancestorTitles":["","Bio Component","14. Edge Cases"],"fullName":" Bio Component 14. Edge Cases should handle rapid typing","status":"passed","title":"should handle rapid typing","duration":102,"failureMessages":[]}],"startTime":1772757012968,"endTime":1772757053253,"status":"failed","message":"","name":"/Users/sean/Projects/homebit/website/app/components/__tests__/Bio.test.tsx"},{"assertionResults":[{"ancestorTitles":["","Budget Component","1. Rendering & Content"],"fullName":" Budget Component 1. Rendering & Content should render title","status":"passed","title":"should render title","duration":42,"failureMessages":[]},{"ancestorTitles":["","Budget Component","1. Rendering & Content"],"fullName":" Budget Component 1. Rendering & Content should render description","status":"passed","title":"should render description","duration":11,"failureMessages":[]},{"ancestorTitles":["","Budget Component","1. Rendering & Content"],"fullName":" Budget Component 1. Rendering & Content should render frequency dropdown","status":"passed","title":"should render frequency dropdown","duration":40,"failureMessages":[]},{"ancestorTitles":["","Budget Component","1. Rendering & Content"],"fullName":" Budget Component 1. Rendering & Content should render budget range section","status":"passed","title":"should render budget range section","duration":12,"failureMessages":[]},{"ancestorTitles":["","Budget Component","1. Rendering & Content"],"fullName":" Budget Component 1. Rendering & Content should render save button","status":"passed","title":"should render save button","duration":227,"failureMessages":[]},{"ancestorTitles":["","Budget Component","1. Rendering & Content"],"fullName":" Budget Component 1. Rendering & Content should show required indicators","status":"passed","title":"should show required indicators","duration":25,"failureMessages":[]},{"ancestorTitles":["","Budget Component","2. Frequency Dropdown"],"fullName":" Budget Component 2. Frequency Dropdown should default to Monthly","status":"passed","title":"should default to Monthly","duration":12,"failureMessages":[]},{"ancestorTitles":["","Budget Component","2. Frequency Dropdown"],"fullName":" Budget Component 2. Frequency Dropdown should have all frequency options","status":"passed","title":"should have all frequency options","duration":109,"failureMessages":[]},{"ancestorTitles":["","Budget Component","2. Frequency Dropdown"],"fullName":" Budget Component 2. Frequency Dropdown should change frequency on selection","status":"passed","title":"should change frequency on selection","duration":73,"failureMessages":[]},{"ancestorTitles":["","Budget Component","2. Frequency Dropdown"],"fullName":" Budget Component 2. Frequency Dropdown should call markDirty when frequency changes","status":"passed","title":"should call markDirty when frequency changes","duration":61,"failureMessages":[]},{"ancestorTitles":["","Budget Component","2. Frequency Dropdown"],"fullName":" Budget Component 2. Frequency Dropdown should reset selected range when frequency changes","status":"passed","title":"should reset selected range when frequency changes","duration":217,"failureMessages":[]},{"ancestorTitles":["","Budget Component","3. Budget Ranges - Monthly"],"fullName":" Budget Component 3. Budget Ranges - Monthly should display monthly ranges by default","status":"passed","title":"should display monthly ranges by default","duration":15,"failureMessages":[]},{"ancestorTitles":["","Budget Component","3. Budget Ranges - Monthly"],"fullName":" Budget Component 3. Budget Ranges - Monthly should select monthly range on click","status":"passed","title":"should select monthly range on click","duration":45,"failureMessages":[]},{"ancestorTitles":["","Budget Component","4. Budget Ranges - Weekly"],"fullName":" Budget Component 4. Budget Ranges - Weekly should display weekly ranges when selected","status":"passed","title":"should display weekly ranges when selected","duration":53,"failureMessages":[]},{"ancestorTitles":["","Budget Component","5. Budget Ranges - Daily"],"fullName":" Budget Component 5. Budget Ranges - Daily should display daily ranges when selected","status":"passed","title":"should display daily ranges when selected","duration":48,"failureMessages":[]},{"ancestorTitles":["","Budget Component","6. Theme Consistency"],"fullName":" Budget Component 6. Theme Consistency should use purple theme for labels","status":"passed","title":"should use purple theme for labels","duration":6,"failureMessages":[]},{"ancestorTitles":["","Budget Component","6. Theme Consistency"],"fullName":" Budget Component 6. Theme Consistency should have purple gradient submit button","status":"passed","title":"should have purple gradient submit button","duration":35,"failureMessages":[]},{"ancestorTitles":["","Budget Component","6. Theme Consistency"],"fullName":" Budget Component 6. Theme Consistency should support dark mode classes","status":"passed","title":"should support dark mode classes","duration":4,"failureMessages":[]},{"ancestorTitles":["","Budget Component","6. Theme Consistency"],"fullName":" Budget Component 6. Theme Consistency should highlight selected range with purple","status":"passed","title":"should highlight selected range with purple","duration":47,"failureMessages":[]},{"ancestorTitles":["","Budget Component","7. Accessibility"],"fullName":" Budget Component 7. Accessibility should have proper label for frequency dropdown","status":"passed","title":"should have proper label for frequency dropdown","duration":12,"failureMessages":[]},{"ancestorTitles":["","Budget Component","7. Accessibility"],"fullName":" Budget Component 7. Accessibility should have radio buttons for budget ranges","status":"passed","title":"should have radio buttons for budget ranges","duration":54,"failureMessages":[]},{"ancestorTitles":["","Budget Component","7. Accessibility"],"fullName":" Budget Component 7. Accessibility should have proper name attribute for radio group","status":"passed","title":"should have proper name attribute for radio group","duration":53,"failureMessages":[]},{"ancestorTitles":["","Budget Component","7. Accessibility"],"fullName":" Budget Component 7. Accessibility should have accessible button","status":"passed","title":"should have accessible button","duration":22,"failureMessages":[]},{"ancestorTitles":["","Budget Component","8. Form Validation"],"fullName":" Budget Component 8. Form Validation should disable submit button when no range selected","status":"passed","title":"should disable submit button when no range selected","duration":25,"failureMessages":[]},{"ancestorTitles":["","Budget Component","8. Form Validation"],"fullName":" Budget Component 8. Form Validation should enable submit button when range selected","status":"passed","title":"should enable submit button when range selected","duration":79,"failureMessages":[]},{"ancestorTitles":["","Budget Component","8. Form Validation"],"fullName":" Budget Component 8. Form Validation should show error when submitting without selection","status":"passed","title":"should show error when submitting without selection","duration":28,"failureMessages":[]},{"ancestorTitles":["","Budget Component","9. User Interactions"],"fullName":" Budget Component 9. User Interactions should allow selecting different ranges","status":"passed","title":"should allow selecting different ranges","duration":73,"failureMessages":[]},{"ancestorTitles":["","Budget Component","9. User Interactions"],"fullName":" Budget Component 9. User Interactions should call markDirty when range selected","status":"passed","title":"should call markDirty when range selected","duration":57,"failureMessages":[]},{"ancestorTitles":["","Budget Component","9. User Interactions"],"fullName":" Budget Component 9. User Interactions should allow selecting Negotiable option","status":"passed","title":"should allow selecting Negotiable option","duration":44,"failureMessages":[]},{"ancestorTitles":["","Budget Component","10. API Integration - Load Budget"],"fullName":" Budget Component 10. API Integration - Load Budget should load existing budget on mount","status":"failed","title":"should load existing budget on mount","duration":1028,"failureMessages":["\u001b[2mexpect(\u001b[22m\u001b[31melement\u001b[39m\u001b[2m).toBeChecked()\u001b[22m\n\nReceived element is not checked:\n  \u001b[31m<input\n  class=\"sr-only\"\n  name=\"budgetRange\"\n  type=\"radio\"\n  value=\"10,000-15,000 KES\"\n/>\u001b[39m\n\nIgnored nodes: comments, script, style\n\u001b[36m<html>\u001b[39m\n  \u001b[36m<head />\u001b[39m\n  \u001b[36m<body>\u001b[39m\n    \u001b[36m<div>\u001b[39m\n      \u001b[36m<div\u001b[39m\n        \u001b[33mclass\u001b[39m=\u001b[32m\"max-w-2xl mx-auto\"\u001b[39m\n      \u001b[36m>\u001b[39m\n        \u001b[36m<h2\u001b[39m\n          \u001b[33mclass\u001b[39m=\u001b[32m\"text-sm font-semibold text-purple-700 dark:text-purple-400 mb-2\"\u001b[39m\n        \u001b[36m>\u001b[39m\n          \u001b[0m💰 Budget\u001b[0m\n        \u001b[36m</h2>\u001b[39m\n        \u001b[36m<p\u001b[39m\n          \u001b[33mclass\u001b[39m=\u001b[32m\"text-xs text-gray-600 dark:text-gray-400 mb-4\"\u001b[39m\n        \u001b[36m>\u001b[39m\n          \u001b[0mWhat's your budget range for household help?\u001b[0m\n        \u001b[36m</p>\u001b[39m\n        \u001b[36m<div\u001b[39m\n          \u001b[33mclass\u001b[39m=\u001b[32m\"space-y-8\"\u001b[39m\n        \u001b[36m>\u001b[39m\n          \u001b[36m<div\u001b[39m\n            \u001b[33mclass\u001b[39m=\u001b[32m\"space-y-3\"\u001b[39m\n          \u001b[36m>\u001b[39m\n            \u001b[36m<label\u001b[39m\n              \u001b[33mclass\u001b[39m=\u001b[32m\"block text-sm font-semibold text-purple-700 dark:text-purple-400\"\u001b[39m\n              \u001b[33mfor\u001b[39m=\u001b[32m\"frequency\"\u001b[39m\n            \u001b[36m>\u001b[39m\n              \u001b[0m📅 Payment Frequency \u001b[0m\n              \u001b[36m<span\u001b[39m\n                \u001b[33mclass\u001b[39m=\u001b[32m\"text-red-500\"\u001b[39m\n              \u001b[36m>\u001b[39m\n                \u001b[0m*\u001b[0m\n              \u001b[36m</span>\u001b[39m\n            \u001b[36m</label>\u001b[39m\n            \u001b[36m<select\u001b[39m\n              \u001b[33mclass\u001b[39m=\u001b[32m\"block w-full h-10 px-4 py-1.5 rounded-xl border-2 bg-white dark:bg-[#13131a] text-gray-900 dark:text-white focus:outline-none focus:ring-2 focus:ring-purple-500 focus:border-purple-400 transition-all border-purple-200 dark:border-purple-500/30 text-sm font-medium\"\u001b[39m\n              \u001b[33mid\u001b[39m=\u001b[32m\"frequency\"\u001b[39m\n            \u001b[36m>\u001b[39m\n              \u001b[36m<option\u001b[39m\n                \u001b[33mvalue\u001b[39m=\u001b[32m\"Daily\"\u001b[39m\n              \u001b[36m>\u001b[39m\n                \u001b[0mDaily\u001b[0m\n              \u001b[36m</option>\u001b[39m\n              \u001b[36m<option\u001b[39m\n                \u001b[33mvalue\u001b[39m=\u001b[32m\"Weekly\"\u001b[39m\n              \u001b[36m>\u001b[39m\n                \u001b[0mWeekly\u001b[0m\n              \u001b[36m</option>\u001b[39m\n              \u001b[36m<option\u001b[39m\n                \u001b[33mvalue\u001b[39m=\u001b[32m\"Monthly\"\u001b[39m\n              \u001b[36m>\u001b[39m\n                \u001b[0mMonthly\u001b[0m\n              \u001b[36m</option>\u001b[39m\n            \u001b[36m</select>\u001b[39m\n          \u001b[36m</div>\u001b[39m\n          \u001b[36m<div\u001b[39m\n            \u001b[33mclass\u001b[39m=\u001b[32m\"space-y-4\"\u001b[39m\n          \u001b[36m>\u001b[39m\n            \u001b[36m<h3\u001b[39m\n              \u001b[33mclass\u001b[39m=\u001b[32m\"text-sm font-semibold text-purple-700 dark:text-purple-400 mb-2\"\u001b[39m\n            \u001b[36m>\u001b[39m\n              \u001b[0mSelect Budget Range \u001b[0m\n              \u001b[36m<span\u001b[39m\n                \u001b[33mclass\u001b[39m=\u001b[32m\"text-red-500\"\u001b[39m\n              \u001b[36m>\u001b[39m\n                \u001b[0m*\u001b[0m\n              \u001b[36m</span>\u001b[39m\n            \u001b[36m</h3>\u001b[39m\n            \u001b[36m<p\u001b[39m\n              \u001b[33mclass\u001b[39m=\u001b[32m\"text-sm text-gray-600 dark:text-gray-400 mb-4\"\u001b[39m\n            \u001b[36m>\u001b[39m\n              \u001b[0mSelect the amount you're willing to pay\u001b[0m\n            \u001b[36m</p>\u001b[39m\n            \u001b[36m<div\u001b[39m\n              \u001b[33mclass\u001b[39m=\u001b[32m\"space-y-3\"\u001b[39m\n            \u001b[36m>\u001b[39m\n              \u001b[36m<label\u001b[39m\n                \u001b[33mclass\u001b[39m=\u001b[32m\"flex items-center p-3 rounded-xl border-2 cursor-pointer shadow-sm text-sm font-medium transition-all border-purple-200 dark:border-purple-500/30 bg-white dark:bg-[#13131a] text-gray-900 dark:text-gray-100 hover:bg-purple-50 dark:hover:bg-purple-900/20\"\u001b[39m\n              \u001b[36m>\u001b[39m\n                \u001b[36m<input\u001b[39m\n                  \u001b[33mclass\u001b[39m=\u001b[32m\"sr-only\"\u001b[39m\n                  \u001b[33mname\u001b[39m=\u001b[32m\"budgetRange\"\u001b[39m\n                  \u001b[33mtype\u001b[39m=\u001b[32m\"radio\"\u001b[39m\n                  \u001b[33mvalue\u001b[39m=\u001b[32m\"5,000-10,000 KES\"\u001b[39m\n                \u001b[36m/>\u001b[39m\n                \u001b[36m<div\u001b[39m\n                  \u001b[33mclass\u001b[39m=\u001b[32m\"w-5 h-5 rounded-full border-2 flex items-center justify-center mr-3 flex-shrink-0 border-purple-300 dark:border-purple-500/50\"\u001b[39m\n                \u001b[36m/>\u001b[39m\n                \u001b[36m<span\u001b[39m\n                  \u001b[33mclass\u001b[39m=\u001b[32m\"flex-1\"\u001b[39m\n                \u001b[36m>\u001b[39m\n                  \u001b[0m5,000-10,000 KES\u001b[0m\n                \u001b[36m</span>\u001b[39m\n              \u001b[36m</label>\u001b[39m\n              \u001b[36m<label\u001b[39m\n                \u001b[33mclass\u001b[39m=\u001b[32m\"flex items-center p-3 rounded-xl border-2 cursor-pointer shadow-sm text-sm font-medium transition-all border-purple-200 dark:border-purple-500/30 bg-white dark:bg-[#13131a] text-gray-900 dark:text-gray-100 hover:bg-purple-50 dark:hover:bg-purple-900/20\"\u001b[39m\n              \u001b[36m>\u001b[39m\n                \u001b[36m<input\u001b[39m\n                  \u001b[33mclass\u001b[39m=\u001b[32m\"sr-only\"\u001b[39m\n                  \u001b[33mname\u001b[39m=\u001b[32m\"budgetRange\"\u001b[39m\n                  \u001b[33mtype\u001b[39m=\u001b[32m\"radio\"\u001b[39m\n                  \u001b[33mvalue\u001b[39m=\u001b[32m\"10,000-15,000 KES\"\u001b[39m\n                \u001b[36m/>\u001b[39m\n                \u001b[36m<div\u001b[39m\n                  \u001b[33mclass\u001b[39m=\u001b[32m\"w-5 h-5 rounded-full border-2 flex items-center justify-center mr-3 flex-shrink-0 border-purple-300 dark:border-purple-500/50\"\u001b[39m\n                \u001b[36m/>\u001b[39m\n                \u001b[36m<span\u001b[39m\n                  \u001b[33mclass\u001b[39m=\u001b[32m\"flex-1\"\u001b[39m\n                \u001b[36m>\u001b[39m\n                  \u001b[0m10,000-15,000 KES\u001b[0m\n                \u001b[36m</span>\u001b[39m\n              \u001b[36m</label>\u001b[39m\n              \u001b[36m<label\u001b[39m\n                \u001b[33mclass\u001b[39m=\u001b[32m\"flex items-center p-3 rounded-xl border-2 cursor-pointer shadow-sm text-sm font-medium transition-all border-purple-200 dark:border-purple-500/30 bg-white dark:bg-[#13131a] text-gray-900 dark:text-gray-100 hover:bg-purple-50 dark:hover:bg-purple-900/20\"\u001b[39m\n              \u001b[36m>\u001b[39m\n                \u001b[36m<input\u001b[39m\n                  \u001b[33mclass\u001b[39m=\u001b[32m\"sr-only\"\u001b[39m\n                  \u001b[33mname\u001b[39m=\u001b[32m\"budgetRange\"\u001b[39m\n                  \u001b[33mtype\u001b[39m=\u001b[32m\"radio\"\u001b[39m\n                  \u001b[33mvalue\u001b[39m=\u001b[32m\"15,000-25,000 KES\"\u001b[39m\n                \u001b[36m/>\u001b[39m\n                \u001b[36m<div\u001b[39m\n                  \u001b[33mclass\u001b[39m=\u001b[32m\"w-5 h-5 rounded-full border-2 flex items-center justify-center mr-3 flex-shrink-0 border-purple-300 dark:border-purple-500/50\"\u001b[39m\n                \u001b[36m/>\u001b[39m\n                \u001b[36m<span\u001b[39m\n                  \u001b[33mclass\u001b[39m=\u001b[32m\"flex-1\"\u001b[39m\n                \u001b[36m>\u001b[39m\n                  \u001b[0m15,000-25,000 KES\u001b[0m\n                \u001b[36m</span>\u001b[39m\n              \u001b[36m</label>\u001b[39m\n              \u001b[36m<label\u001b[39m\n                \u001b[33mclass\u001b[39m=\u001b[32m\"flex items-center p-3 rounded-xl border-2 cursor-pointer shadow-sm text-sm font-medium transition-all border-purple-200 dark:border-purple-500/30 bg-white dark:bg-[#13131a] text-gray-900 dark:text-gray-100 hover:bg-purple-50 dark:hover:bg-purple-900/20\"\u001b[39m\n              \u001b[36m>\u001b[39m\n                \u001b[36m<input\u001b[39m\n                  \u001b[33mclass\u001b[39m=\u001b[32m\"sr-only\"\u001b[39m\n                  \u001b[33mname\u001b[39m=\u001b[32m\"budgetRange\"\u001b[39m\n                  \u001b[33mtype\u001b[39m=\u001b[32m\"radio\"\u001b[39m\n                  \u001b[33mvalue\u001b[39m=\u001b[32m\"25,000+ KES\"\u001b[39m\n                \u001b[36m/>\u001b[39m\n                \u001b[36m<div\u001b[39m\n                  \u001b[33mclass\u001b[39m=\u001b[32m\"w-5 h-5 rounded-full border-2 flex items-center justify-center mr-3 flex-shrink-0 border-purple-300 dark:border-purple-500/50\"\u001b[39m\n                \u001b[36m/>\u001b[39m\n                \u001b[36m<span\u001b[39m\n                  \u001b[33mclass\u001b[39m=\u001b[32m\"flex-1\"\u001b[39m\n                \u001b[36m>\u001b[39m\n                  \u001b[0m25,000+ KES\u001b[0m\n                \u001b[36m</span>\u001b[39m\n              \u001b[36m</label>\u001b[39m\n              \u001b[36m<label\u001b[39m\n                \u001b[33mclass\u001b[39m=\u001b[32m\"flex items-center p-3 rounded-xl border-2 cursor-pointer shadow-sm text-sm font-medium transition-all border-purple-200 dark:border-purple-500/30 bg-white dark:bg-[#13131a] text-gray-900 dark:text-gray-100 hover:bg-purple-50 dark:hover:bg-purple-900/20\"\u001b[39m\n              \u001b[36m>\u001b[39m\n                \u001b[36m<input\u001b[39m\n                  \u001b[33mclass\u001b[39m=\u001b[32m\"sr-only\"\u001b[39m\n                  \u001b[33mname\u001b[39m=\u001b[32m\"budgetRange\"\u001b[39m\n                  \u001b[33mtype\u001b[39m=\u001b[32m\"radio\"\u001b[39m\n                  \u001b[33mvalue\u001b[39m=\u001b[32m\"Negotiable\"\u001b[39m\n                \u001b[36m/>\u001b[39m\n                \u001b[36m<div\u001b[39m\n                  \u001b[33mclass\u001b[39m=\u001b[32m\"w-5 h-5 rounded-full border-2 flex items-center justify-center mr-3 flex-shrink-0 border-purple-300 dark:border-purple-500/50\"\u001b[39m\n                \u001b[36m/>\u001b[39m\n                \u001b[36m<span\u001b[39m\n                  \u001b[33mclass\u001b[39m=\u001b[32m\"flex-1\"\u001b[39m\n                \u001b[36m>\u001b[39m\n                  \u001b[0mNegotiable\u001b[0m\n                \u001b[36m</span>\u001b[39m\n              \u001b[36m</label>\u001b[39m\n            \u001b[36m</div>\u001b[39m\n          \u001b[36m</div>\u001b[39m\n          \u001b[36m<button\u001b[39m\n            \u001b[33mclass\u001b[39m=\u001b[32m\"w-full px-8 py-1.5 rounded-xl bg-gradient-to-r from-purple-600 to-pink-600 text-white font-bold text-sm shadow-lg hover:from-purple-700 hover:to-pink-700 hover:scale-105 transition-all focus:outline-none focus:ring-2 focus:ring-purple-500 disabled:opacity-50 disabled:cursor-not-allowed disabled:hover:scale-100 flex items-center justify-center gap-2\"\u001b[39m\n            \u001b[33mdisabled\u001b[39m=\u001b[32m\"\"\u001b[39m\n            \u001b[33mtype\u001b[39m=\u001b[32m\"button\"\u001b[39m\n          \u001b[36m>\u001b[39m\n            \u001b[0m💾 Save Budget\u001b[0m\n          \u001b[36m</button>\u001b[39m\n        \u001b[36m</div>\u001b[39m\n      \u001b[36m</div>\u001b[39m\n    \u001b[36m</div>\u001b[39m\n  \u001b[36m</body>\u001b[39m\n\u001b[36m</html>\u001b[39m"],"location":{"line":341,"column":23}},{"ancestorTitles":["","Budget Component","10. API Integration - Load Budget"],"fullName":" Budget Component 10. API Integration - Load Budget should load frequency from API","status":"failed","title":"should load frequency from API","duration":1017,"failureMessages":["expected 'Monthly' to be 'Weekly' // Object.is equality\n\nIgnored nodes: comments, script, style\n\u001b[36m<html>\u001b[39m\n  \u001b[36m<head />\u001b[39m\n  \u001b[36m<body>\u001b[39m\n    \u001b[36m<div>\u001b[39m\n      \u001b[36m<div\u001b[39m\n        \u001b[33mclass\u001b[39m=\u001b[32m\"max-w-2xl mx-auto\"\u001b[39m\n      \u001b[36m>\u001b[39m\n        \u001b[36m<h2\u001b[39m\n          \u001b[33mclass\u001b[39m=\u001b[32m\"text-sm font-semibold text-purple-700 dark:text-purple-400 mb-2\"\u001b[39m\n        \u001b[36m>\u001b[39m\n          \u001b[0m💰 Budget\u001b[0m\n        \u001b[36m</h2>\u001b[39m\n        \u001b[36m<p\u001b[39m\n          \u001b[33mclass\u001b[39m=\u001b[32m\"text-xs text-gray-600 dark:text-gray-400 mb-4\"\u001b[39m\n        \u001b[36m>\u001b[39m\n          \u001b[0mWhat's your budget range for household help?\u001b[0m\n        \u001b[36m</p>\u001b[39m\n        \u001b[36m<div\u001b[39m\n          \u001b[33mclass\u001b[39m=\u001b[32m\"space-y-8\"\u001b[39m\n        \u001b[36m>\u001b[39m\n          \u001b[36m<div\u001b[39m\n            \u001b[33mclass\u001b[39m=\u001b[32m\"space-y-3\"\u001b[39m\n          \u001b[36m>\u001b[39m\n            \u001b[36m<label\u001b[39m\n              \u001b[33mclass\u001b[39m=\u001b[32m\"block text-sm font-semibold text-purple-700 dark:text-purple-400\"\u001b[39m\n              \u001b[33mfor\u001b[39m=\u001b[32m\"frequency\"\u001b[39m\n            \u001b[36m>\u001b[39m\n              \u001b[0m📅 Payment Frequency \u001b[0m\n              \u001b[36m<span\u001b[39m\n                \u001b[33mclass\u001b[39m=\u001b[32m\"text-red-500\"\u001b[39m\n              \u001b[36m>\u001b[39m\n                \u001b[0m*\u001b[0m\n              \u001b[36m</span>\u001b[39m\n            \u001b[36m</label>\u001b[39m\n            \u001b[36m<select\u001b[39m\n              \u001b[33mclass\u001b[39m=\u001b[32m\"block w-full h-10 px-4 py-1.5 rounded-xl border-2 bg-white dark:bg-[#13131a] text-gray-900 dark:text-white focus:outline-none focus:ring-2 focus:ring-purple-500 focus:border-purple-400 transition-all border-purple-200 dark:border-purple-500/30 text-sm font-medium\"\u001b[39m\n              \u001b[33mid\u001b[39m=\u001b[32m\"frequency\"\u001b[39m\n            \u001b[36m>\u001b[39m\n              \u001b[36m<option\u001b[39m\n                \u001b[33mvalue\u001b[39m=\u001b[32m\"Daily\"\u001b[39m\n              \u001b[36m>\u001b[39m\n                \u001b[0mDaily\u001b[0m\n              \u001b[36m</option>\u001b[39m\n              \u001b[36m<option\u001b[39m\n                \u001b[33mvalue\u001b[39m=\u001b[32m\"Weekly\"\u001b[39m\n              \u001b[36m>\u001b[39m\n                \u001b[0mWeekly\u001b[0m\n              \u001b[36m</option>\u001b[39m\n              \u001b[36m<option\u001b[39m\n                \u001b[33mvalue\u001b[39m=\u001b[32m\"Monthly\"\u001b[39m\n              \u001b[36m>\u001b[39m\n                \u001b[0mMonthly\u001b[0m\n              \u001b[36m</option>\u001b[39m\n            \u001b[36m</select>\u001b[39m\n          \u001b[36m</div>\u001b[39m\n          \u001b[36m<div\u001b[39m\n            \u001b[33mclass\u001b[39m=\u001b[32m\"space-y-4\"\u001b[39m\n          \u001b[36m>\u001b[39m\n            \u001b[36m<h3\u001b[39m\n              \u001b[33mclass\u001b[39m=\u001b[32m\"text-sm font-semibold text-purple-700 dark:text-purple-400 mb-2\"\u001b[39m\n            \u001b[36m>\u001b[39m\n              \u001b[0mSelect Budget Range \u001b[0m\n              \u001b[36m<span\u001b[39m\n                \u001b[33mclass\u001b[39m=\u001b[32m\"text-red-500\"\u001b[39m\n              \u001b[36m>\u001b[39m\n                \u001b[0m*\u001b[0m\n              \u001b[36m</span>\u001b[39m\n            \u001b[36m</h3>\u001b[39m\n            \u001b[36m<p\u001b[39m\n              \u001b[33mclass\u001b[39m=\u001b[32m\"text-sm text-gray-600 dark:text-gray-400 mb-4\"\u001b[39m\n            \u001b[36m>\u001b[39m\n              \u001b[0mSelect the amount you're willing to pay\u001b[0m\n            \u001b[36m</p>\u001b[39m\n            \u001b[36m<div\u001b[39m\n              \u001b[33mclass\u001b[39m=\u001b[32m\"space-y-3\"\u001b[39m\n            \u001b[36m>\u001b[39m\n              \u001b[36m<label\u001b[39m\n                \u001b[33mclass\u001b[39m=\u001b[32m\"flex items-center p-3 rounded-xl border-2 cursor-pointer shadow-sm text-sm font-medium transition-all border-purple-200 dark:border-purple-500/30 bg-white dark:bg-[#13131a] text-gray-900 dark:text-gray-100 hover:bg-purple-50 dark:hover:bg-purple-900/20\"\u001b[39m\n              \u001b[36m>\u001b[39m\n                \u001b[36m<input\u001b[39m\n                  \u001b[33mclass\u001b[39m=\u001b[32m\"sr-only\"\u001b[39m\n                  \u001b[33mname\u001b[39m=\u001b[32m\"budgetRange\"\u001b[39m\n                  \u001b[33mtype\u001b[39m=\u001b[32m\"radio\"\u001b[39m\n                  \u001b[33mvalue\u001b[39m=\u001b[32m\"5,000-10,000 KES\"\u001b[39m\n                \u001b[36m/>\u001b[39m\n                \u001b[36m<div\u001b[39m\n                  \u001b[33mclass\u001b[39m=\u001b[32m\"w-5 h-5 rounded-full border-2 flex items-center justify-center mr-3 flex-shrink-0 border-purple-300 dark:border-purple-500/50\"\u001b[39m\n                \u001b[36m/>\u001b[39m\n                \u001b[36m<span\u001b[39m\n                  \u001b[33mclass\u001b[39m=\u001b[32m\"flex-1\"\u001b[39m\n                \u001b[36m>\u001b[39m\n                  \u001b[0m5,000-10,000 KES\u001b[0m\n                \u001b[36m</span>\u001b[39m\n              \u001b[36m</label>\u001b[39m\n              \u001b[36m<label\u001b[39m\n                \u001b[33mclass\u001b[39m=\u001b[32m\"flex items-center p-3 rounded-xl border-2 cursor-pointer shadow-sm text-sm font-medium transition-all border-purple-200 dark:border-purple-500/30 bg-white dark:bg-[#13131a] text-gray-900 dark:text-gray-100 hover:bg-purple-50 dark:hover:bg-purple-900/20\"\u001b[39m\n              \u001b[36m>\u001b[39m\n                \u001b[36m<input\u001b[39m\n                  \u001b[33mclass\u001b[39m=\u001b[32m\"sr-only\"\u001b[39m\n                  \u001b[33mname\u001b[39m=\u001b[32m\"budgetRange\"\u001b[39m\n                  \u001b[33mtype\u001b[39m=\u001b[32m\"radio\"\u001b[39m\n                  \u001b[33mvalue\u001b[39m=\u001b[32m\"10,000-15,000 KES\"\u001b[39m\n                \u001b[36m/>\u001b[39m\n                \u001b[36m<div\u001b[39m\n                  \u001b[33mclass\u001b[39m=\u001b[32m\"w-5 h-5 rounded-full border-2 flex items-center justify-center mr-3 flex-shrink-0 border-purple-300 dark:border-purple-500/50\"\u001b[39m\n                \u001b[36m/>\u001b[39m\n                \u001b[36m<span\u001b[39m\n                  \u001b[33mclass\u001b[39m=\u001b[32m\"flex-1\"\u001b[39m\n                \u001b[36m>\u001b[39m\n                  \u001b[0m10,000-15,000 KES\u001b[0m\n                \u001b[36m</span>\u001b[39m\n              \u001b[36m</label>\u001b[39m\n              \u001b[36m<label\u001b[39m\n                \u001b[33mclass\u001b[39m=\u001b[32m\"flex items-center p-3 rounded-xl border-2 cursor-pointer shadow-sm text-sm font-medium transition-all border-purple-200 dark:border-purple-500/30 bg-white dark:bg-[#13131a] text-gray-900 dark:text-gray-100 hover:bg-purple-50 dark:hover:bg-purple-900/20\"\u001b[39m\n              \u001b[36m>\u001b[39m\n                \u001b[36m<input\u001b[39m\n                  \u001b[33mclass\u001b[39m=\u001b[32m\"sr-only\"\u001b[39m\n                  \u001b[33mname\u001b[39m=\u001b[32m\"budgetRange\"\u001b[39m\n                  \u001b[33mtype\u001b[39m=\u001b[32m\"radio\"\u001b[39m\n                  \u001b[33mvalue\u001b[39m=\u001b[32m\"15,000-25,000 KES\"\u001b[39m\n                \u001b[36m/>\u001b[39m\n                \u001b[36m<div\u001b[39m\n                  \u001b[33mclass\u001b[39m=\u001b[32m\"w-5 h-5 rounded-full border-2 flex items-center justify-center mr-3 flex-shrink-0 border-purple-300 dark:border-purple-500/50\"\u001b[39m\n                \u001b[36m/>\u001b[39m\n                \u001b[36m<span\u001b[39m\n                  \u001b[33mclass\u001b[39m=\u001b[32m\"flex-1\"\u001b[39m\n                \u001b[36m>\u001b[39m\n                  \u001b[0m15,000-25,000 KES\u001b[0m\n                \u001b[36m</span>\u001b[39m\n              \u001b[36m</label>\u001b[39m\n              \u001b[36m<label\u001b[39m\n                \u001b[33mclass\u001b[39m=\u001b[32m\"flex items-center p-3 rounded-xl border-2 cursor-pointer shadow-sm text-sm font-medium transition-all border-purple-200 dark:border-purple-500/30 bg-white dark:bg-[#13131a] text-gray-900 dark:text-gray-100 hover:bg-purple-50 dark:hover:bg-purple-900/20\"\u001b[39m\n              \u001b[36m>\u001b[39m\n                \u001b[36m<input\u001b[39m\n                  \u001b[33mclass\u001b[39m=\u001b[32m\"sr-only\"\u001b[39m\n                  \u001b[33mname\u001b[39m=\u001b[32m\"budgetRange\"\u001b[39m\n                  \u001b[33mtype\u001b[39m=\u001b[32m\"radio\"\u001b[39m\n                  \u001b[33mvalue\u001b[39m=\u001b[32m\"25,000+ KES\"\u001b[39m\n                \u001b[36m/>\u001b[39m\n                \u001b[36m<div\u001b[39m\n                  \u001b[33mclass\u001b[39m=\u001b[32m\"w-5 h-5 rounded-full border-2 flex items-center justify-center mr-3 flex-shrink-0 border-purple-300 dark:border-purple-500/50\"\u001b[39m\n                \u001b[36m/>\u001b[39m\n                \u001b[36m<span\u001b[39m\n                  \u001b[33mclass\u001b[39m=\u001b[32m\"flex-1\"\u001b[39m\n                \u001b[36m>\u001b[39m\n                  \u001b[0m25,000+ KES\u001b[0m\n                \u001b[36m</span>\u001b[39m\n              \u001b[36m</label>\u001b[39m\n              \u001b[36m<label\u001b[39m\n                \u001b[33mclass\u001b[39m=\u001b[32m\"flex items-center p-3 rounded-xl border-2 cursor-pointer shadow-sm text-sm font-medium transition-all border-purple-200 dark:border-purple-500/30 bg-white dark:bg-[#13131a] text-gray-900 dark:text-gray-100 hover:bg-purple-50 dark:hover:bg-purple-900/20\"\u001b[39m\n              \u001b[36m>\u001b[39m\n                \u001b[36m<input\u001b[39m\n                  \u001b[33mclass\u001b[39m=\u001b[32m\"sr-only\"\u001b[39m\n                  \u001b[33mname\u001b[39m=\u001b[32m\"budgetRange\"\u001b[39m\n                  \u001b[33mtype\u001b[39m=\u001b[32m\"radio\"\u001b[39m\n                  \u001b[33mvalue\u001b[39m=\u001b[32m\"Negotiable\"\u001b[39m\n                \u001b[36m/>\u001b[39m\n                \u001b[36m<div\u001b[39m\n                  \u001b[33mclass\u001b[39m=\u001b[32m\"w-5 h-5 rounded-full border-2 flex items-center justify-center mr-3 flex-shrink-0 border-purple-300 dark:border-purple-500/50\"\u001b[39m\n                \u001b[36m/>\u001b[39m\n                \u001b[36m<span\u001b[39m\n                  \u001b[33mclass\u001b[39m=\u001b[32m\"flex-1\"\u001b[39m\n                \u001b[36m>\u001b[39m\n                  \u001b[0mNegotiable\u001b[0m\n                \u001b[36m</span>\u001b[39m\n              \u001b[36m</label>\u001b[39m\n            \u001b[36m</div>\u001b[39m\n          \u001b[36m</div>\u001b[39m\n          \u001b[36m<button\u001b[39m\n            \u001b[33mclass\u001b[39m=\u001b[32m\"w-full px-8 py-1.5 rounded-xl bg-gradient-to-r from-purple-600 to-pink-600 text-white font-bold text-sm shadow-lg hover:from-purple-700 hover:to-pink-700 hover:scale-105 transition-all focus:outline-none focus:ring-2 focus:ring-purple-500 disabled:opacity-50 disabled:cursor-not-allowed disabled:hover:scale-100 flex items-center justify-center gap-2\"\u001b[39m\n            \u001b[33mdisabled\u001b[39m=\u001b[32m\"\"\u001b[39m\n            \u001b[33mtype\u001b[39m=\u001b[32m\"button\"\u001b[39m\n          \u001b[36m>\u001b[39m\n            \u001b[0m💾 Save Budget\u001b[0m\n          \u001b[36m</button>\u001b[39m\n        \u001b[36m</div>\u001b[39m\n      \u001b[36m</div>\u001b[39m\n    \u001b[36m</div>\u001b[39m\n  \u001b[36m</body>\u001b[39m\n\u001b[36m</html>\u001b[39m"],"location":{"line":361,"column":32}},{"ancestorTitles":["","Budget Component","10. API Integration - Load Budget"],"fullNa
[...]
ration successfully","duration":0,"failureMessages":[]},{"ancestorTitles":["","subscriptions API","previewProration"],"fullName":" subscriptions API previewProration previews downgrade proration","status":"passed","title":"previews downgrade proration","duration":0,"failureMessages":[]},{"ancestorTitles":["","subscriptions API","previewProration"],"fullName":" subscriptions API previewProration throws error on failure","status":"passed","title":"throws error on failure","duration":1,"failureMessages":[]},{"ancestorTitles":["","subscriptions API","getCreditBalance"],"fullName":" subscriptions API getCreditBalance gets credit balance successfully","status":"passed","title":"gets credit balance successfully","duration":0,"failureMessages":[]},{"ancestorTitles":["","subscriptions API","getCreditBalance"],"fullName":" subscriptions API getCreditBalance gets zero credit balance","status":"passed","title":"gets zero credit balance","duration":0,"failureMessages":[]},{"ancestorTitles":["","subscriptions API","getCreditBalance"],"fullName":" subscriptions API getCreditBalance throws error on failure","status":"passed","title":"throws error on failure","duration":0,"failureMessages":[]},{"ancestorTitles":["","subscriptions API","Authentication"],"fullName":" subscriptions API Authentication includes auth token in all requests","status":"passed","title":"includes auth token in all requests","duration":0,"failureMessages":[]},{"ancestorTitles":["","subscriptions API","Authentication"],"fullName":" subscriptions API Authentication handles missing token","status":"passed","title":"handles missing token","duration":0,"failureMessages":[]},{"ancestorTitles":["","subscriptions API","Error Handling"],"fullName":" subscriptions API Error Handling handles network errors","status":"passed","title":"handles network errors","duration":0,"failureMessages":[]},{"ancestorTitles":["","subscriptions API","Error Handling"],"fullName":" subscriptions API Error Handling handles malformed JSON responses","status":"passed","title":"handles malformed JSON responses","duration":1,"failureMessages":[]},{"ancestorTitles":["","subscriptions API","Error Handling"],"fullName":" subscriptions API Error Handling uses default error message when none provided","status":"passed","title":"uses default error message when none provided","duration":0,"failureMessages":[]}],"startTime":1772757021410,"endTime":1772757021421,"status":"passed","message":"","name":"/Users/sean/Projects/homebit/website/app/utils/api/__tests__/subscriptions.test.ts"},{"assertionResults":[{"ancestorTitles":["","payments validation","formatPhoneNumber"],"fullName":" payments validation formatPhoneNumber formats phone with +254 prefix","status":"passed","title":"formats phone with +254 prefix","duration":1,"failureMessages":[]},{"ancestorTitles":["","payments validation","formatPhoneNumber"],"fullName":" payments validation formatPhoneNumber adds + to 254 prefix","status":"passed","title":"adds + to 254 prefix","duration":0,"failureMessages":[]},{"ancestorTitles":["","payments validation","formatPhoneNumber"],"fullName":" payments validation formatPhoneNumber converts 0 prefix to +254","status":"passed","title":"converts 0 prefix to +254","duration":0,"failureMessages":[]},{"ancestorTitles":["","payments validation","formatPhoneNumber"],"fullName":" payments validation formatPhoneNumber adds +254 to 7 prefix","status":"passed","title":"adds +254 to 7 prefix","duration":0,"failureMessages":[]},{"ancestorTitles":["","payments validation","formatPhoneNumber"],"fullName":" payments validation formatPhoneNumber adds +254 to 1 prefix","status":"passed","title":"adds +254 to 1 prefix","duration":0,"failureMessages":[]},{"ancestorTitles":["","payments validation","formatPhoneNumber"],"fullName":" payments validation formatPhoneNumber removes spaces","status":"passed","title":"removes spaces","duration":0,"failureMessages":[]},{"ancestorTitles":["","payments validation","formatPhoneNumber"],"fullName":" payments validation formatPhoneNumber removes dashes","status":"passed","title":"removes dashes","duration":0,"failureMessages":[]},{"ancestorTitles":["","payments validation","formatPhoneNumber"],"fullName":" payments validation formatPhoneNumber removes parentheses","status":"passed","title":"removes parentheses","duration":1,"failureMessages":[]},{"ancestorTitles":["","payments validation","formatPhoneNumber"],"fullName":" payments validation formatPhoneNumber handles empty string","status":"passed","title":"handles empty string","duration":0,"failureMessages":[]},{"ancestorTitles":["","payments validation","formatPhoneNumber"],"fullName":" payments validation formatPhoneNumber preserves already formatted numbers","status":"passed","title":"preserves already formatted numbers","duration":1,"failureMessages":[]},{"ancestorTitles":["","payments validation","validatePhoneNumber"],"fullName":" payments validation validatePhoneNumber validates correct Kenyan phone (7 prefix)","status":"passed","title":"validates correct Kenyan phone (7 prefix)","duration":0,"failureMessages":[]},{"ancestorTitles":["","payments validation","validatePhoneNumber"],"fullName":" payments validation validatePhoneNumber validates correct Kenyan phone (1 prefix)","status":"passed","title":"validates correct Kenyan phone (1 prefix)","duration":0,"failureMessages":[]},{"ancestorTitles":["","payments validation","validatePhoneNumber"],"fullName":" payments validation validatePhoneNumber validates phone with 0 prefix","status":"passed","title":"validates phone with 0 prefix","duration":1,"failureMessages":[]},{"ancestorTitles":["","payments validation","validatePhoneNumber"],"fullName":" payments validation validatePhoneNumber validates phone without prefix","status":"passed","title":"validates phone without prefix","duration":0,"failureMessages":[]},{"ancestorTitles":["","payments validation","validatePhoneNumber"],"fullName":" payments validation validatePhoneNumber rejects empty phone","status":"passed","title":"rejects empty phone","duration":0,"failureMessages":[]},{"ancestorTitles":["","payments validation","validatePhoneNumber"],"fullName":" payments validation validatePhoneNumber rejects invalid prefix","status":"passed","title":"rejects invalid prefix","duration":0,"failureMessages":[]},{"ancestorTitles":["","payments validation","validatePhoneNumber"],"fullName":" payments validation validatePhoneNumber rejects too short number","status":"passed","title":"rejects too short number","duration":0,"failureMessages":[]},{"ancestorTitles":["","payments validation","validatePhoneNumber"],"fullName":" payments validation validatePhoneNumber rejects too long number","status":"passed","title":"rejects too long number","duration":0,"failureMessages":[]},{"ancestorTitles":["","payments validation","validatePhoneNumber"],"fullName":" payments validation validatePhoneNumber rejects non-Kenyan number","status":"passed","title":"rejects non-Kenyan number","duration":0,"failureMessages":[]},{"ancestorTitles":["","payments validation","validateNickname"],"fullName":" payments validation validateNickname allows valid nickname","status":"passed","title":"allows valid nickname","duration":0,"failureMessages":[]},{"ancestorTitles":["","payments validation","validateNickname"],"fullName":" payments validation validateNickname allows empty nickname (optional)","status":"passed","title":"allows empty nickname (optional)","duration":0,"failureMessages":[]},{"ancestorTitles":["","payments validation","validateNickname"],"fullName":" payments validation validateNickname rejects whitespace-only nickname","status":"passed","title":"rejects whitespace-only nickname","duration":0,"failureMessages":[]},{"ancestorTitles":["","payments validation","validateNickname"],"fullName":" payments validation validateNickname rejects nickname over 50 characters","status":"passed","title":"rejects nickname over 50 characters","duration":0,"failureMessages":[]},{"ancestorTitles":["","payments validation","validateNickname"],"fullName":" payments validation validateNickname allows nickname exactly 50 characters","status":"passed","title":"allows nickname exactly 50 characters","duration":0,"failureMessages":[]},{"ancestorTitles":["","payments validation","validateNickname"],"fullName":" payments validation validateNickname allows nickname with special characters","status":"passed","title":"allows nickname with special characters","duration":0,"failureMessages":[]},{"ancestorTitles":["","payments validation","validatePauseDuration"],"fullName":" payments validation validatePauseDuration validates minimum duration (7 days)","status":"passed","title":"validates minimum duration (7 days)","duration":0,"failureMessages":[]},{"ancestorTitles":["","payments validation","validatePauseDuration"],"fullName":" payments validation validatePauseDuration validates maximum duration (90 days)","status":"passed","title":"validates maximum duration (90 days)","duration":0,"failureMessages":[]},{"ancestorTitles":["","payments validation","validatePauseDuration"],"fullName":" payments validation validatePauseDuration validates mid-range duration","status":"passed","title":"validates mid-range duration","duration":1,"failureMessages":[]},{"ancestorTitles":["","payments validation","validatePauseDuration"],"fullName":" payments validation validatePauseDuration rejects duration below minimum","status":"passed","title":"rejects duration below minimum","duration":0,"failureMessages":[]},{"ancestorTitles":["","payments validation","validatePauseDuration"],"fullName":" payments validation validatePauseDuration rejects duration above maximum","status":"passed","title":"rejects duration above maximum","duration":0,"failureMessages":[]},{"ancestorTitles":["","payments validation","validatePauseDuration"],"fullName":" payments validation validatePauseDuration rejects zero duration","status":"passed","title":"rejects zero duration","duration":1,"failureMessages":[]},{"ancestorTitles":["","payments validation","validatePauseDuration"],"fullName":" payments validation validatePauseDuration rejects NaN","status":"passed","title":"rejects NaN","duration":0,"failureMessages":[]},{"ancestorTitles":["","payments validation","validatePauseDuration"],"fullName":" payments validation validatePauseDuration rejects negative duration","status":"passed","title":"rejects negative duration","duration":0,"failureMessages":[]},{"ancestorTitles":["","payments validation","validatePauseReason"],"fullName":" payments validation validatePauseReason validates vacation reason","status":"passed","title":"validates vacation reason","duration":0,"failureMessages":[]},{"ancestorTitles":["","payments validation","validatePauseReason"],"fullName":" payments validation validatePauseReason validates financial reason","status":"passed","title":"validates financial reason","duration":0,"failureMessages":[]},{"ancestorTitles":["","payments validation","validatePauseReason"],"fullName":" payments validation validatePauseReason validates not_using reason","status":"passed","title":"validates not_using reason","duration":0,"failureMessages":[]},{"ancestorTitles":["","payments validation","validatePauseReason"],"fullName":" payments validation validatePauseReason validates other reason","status":"passed","title":"validates other reason","duration":0,"failureMessages":[]},{"ancestorTitles":["","payments validation","validatePauseReason"],"fullName":" payments validation validatePauseReason rejects empty reason","status":"passed","title":"rejects empty reason","duration":0,"failureMessages":[]},{"ancestorTitles":["","payments validation","validatePauseReason"],"fullName":" payments validation validatePauseReason rejects invalid reason","status":"passed","title":"rejects invalid reason","duration":0,"failureMessages":[]},{"ancestorTitles":["","payments validation","validateCancelReason"],"fullName":" payments validation validateCancelReason validates price reason","status":"passed","title":"validates price reason","duration":0,"failureMessages":[]},{"ancestorTitles":["","payments validation","validateCancelReason"],"fullName":" payments validation validateCancelReason validates features reason","status":"passed","title":"validates features reason","duration":1,"failureMessages":[]},{"ancestorTitles":["","payments validation","validateCancelReason"],"fullName":" payments validation validateCancelReason validates not_using reason","status":"passed","title":"validates not_using reason","duration":0,"failureMessages":[]},{"ancestorTitles":["","payments validation","validateCancelReason"],"fullName":" payments validation validateCancelReason validates found_alternative reason","status":"passed","title":"validates found_alternative reason","duration":0,"failureMessages":[]},{"ancestorTitles":["","payments validation","validateCancelReason"],"fullName":" payments validation validateCancelReason validates other reason","status":"passed","title":"validates other reason","duration":0,"failureMessages":[]},{"ancestorTitles":["","payments validation","validateCancelReason"],"fullName":" payments validation validateCancelReason rejects empty reason","status":"passed","title":"rejects empty reason","duration":0,"failureMessages":[]},{"ancestorTitles":["","payments validation","validateCancelReason"],"fullName":" payments validation validateCancelReason rejects invalid reason","status":"passed","title":"rejects invalid reason","duration":0,"failureMessages":[]},{"ancestorTitles":["","payments validation","validateFeedback"],"fullName":" payments validation validateFeedback allows valid feedback","status":"passed","title":"allows valid feedback","duration":0,"failureMessages":[]},{"ancestorTitles":["","payments validation","validateFeedback"],"fullName":" payments validation validateFeedback allows empty feedback (optional)","status":"passed","title":"allows empty feedback (optional)","duration":0,"failureMessages":[]},{"ancestorTitles":["","payments validation","validateFeedback"],"fullName":" payments validation validateFeedback allows feedback up to 500 characters","status":"passed","title":"allows feedback up to 500 characters","duration":0,"failureMessages":[]},{"ancestorTitles":["","payments validation","validateFeedback"],"fullName":" payments validation validateFeedback rejects feedback over 500 characters","status":"passed","title":"rejects feedback over 500 characters","duration":0,"failureMessages":[]},{"ancestorTitles":["","payments validation","validateFeedback"],"fullName":" payments validation validateFeedback allows multiline feedback","status":"passed","title":"allows multiline feedback","duration":0,"failureMessages":[]},{"ancestorTitles":["","payments validation","validateUUID"],"fullName":" payments validation validateUUID validates correct UUID v4","status":"passed","title":"validates correct UUID v4","duration":0,"failureMessages":[]},{"ancestorTitles":["","payments validation","validateUUID"],"fullName":" payments validation validateUUID validates UUID with uppercase","status":"passed","title":"validates UUID with uppercase","duration":0,"failureMessages":[]},{"ancestorTitles":["","payments validation","validateUUID"],"fullName":" payments validation validateUUID validates UUID with mixed case","status":"passed","title":"validates UUID with mixed case","duration":1,"failureMessages":[]},{"ancestorTitles":["","payments validation","validateUUID"],"fullName":" payments validation validateUUID rejects empty UUID","status":"passed","title":"rejects empty UUID","duration":0,"failureMessages":[]},{"ancestorTitles":["","payments validation","validateUUID"],"fullName":" payments validation validateUUID rejects UUID without dashes","status":"passed","title":"rejects UUID without dashes","duration":0,"failureMessages":[]},{"ancestorTitles":["","payments validation","validateUUID"],"fullName":" payments validation validateUUID rejects UUID with wrong format","status":"passed","title":"rejects UUID with wrong format","duration":0,"failureMessages":[]},{"ancestorTitles":["","payments validation","validateUUID"],"fullName":" payments validation validateUUID rejects UUID with invalid characters","status":"passed","title":"rejects UUID with invalid characters","duration":0,"failureMessages":[]},{"ancestorTitles":["","payments validation","validateUUID"],"fullName":" payments validation validateUUID rejects too short UUID","status":"passed","title":"rejects too short UUID","duration":0,"failureMessages":[]},{"ancestorTitles":["","payments validation","validateUUID"],"fullName":" payments validation validateUUID rejects too long UUID","status":"passed","title":"rejects too long UUID","duration":0,"failureMessages":[]},{"ancestorTitles":["","payments validation","maskPhoneNumber"],"fullName":" payments validation maskPhoneNumber masks Kenyan phone number","status":"passed","title":"masks Kenyan phone number","duration":0,"failureMessages":[]},{"ancestorTitles":["","payments validation","maskPhoneNumber"],"fullName":" payments validation maskPhoneNumber masks phone with 0 prefix","status":"passed","title":"masks phone with 0 prefix","duration":0,"failureMessages":[]},{"ancestorTitles":["","payments validation","maskPhoneNumber"],"fullName":" payments validation maskPhoneNumber masks phone without prefix","status":"passed","title":"masks phone without prefix","duration":0,"failureMessages":[]},{"ancestorTitles":["","payments validation","maskPhoneNumber"],"fullName":" payments validation maskPhoneNumber handles empty phone","status":"passed","title":"handles empty phone","duration":0,"failureMessages":[]},{"ancestorTitles":["","payments validation","maskPhoneNumber"],"fullName":" payments validation maskPhoneNumber handles short phone","status":"passed","title":"handles short phone","duration":0,"failureMessages":[]},{"ancestorTitles":["","payments validation","maskPhoneNumber"],"fullName":" payments validation maskPhoneNumber preserves formatting before masking","status":"passed","title":"preserves formatting before masking","duration":0,"failureMessages":[]},{"ancestorTitles":["","payments validation","maskCardNumber"],"fullName":" payments validation maskCardNumber masks card number","status":"passed","title":"masks card number","duration":0,"failureMessages":[]},{"ancestorTitles":["","payments validation","maskCardNumber"],"fullName":" payments validation maskCardNumber handles empty last4","status":"passed","title":"handles empty last4","duration":0,"failureMessages":[]},{"ancestorTitles":["","payments validation","maskCardNumber"],"fullName":" payments validation maskCardNumber masks single digit","status":"passed","title":"masks single digit","duration":0,"failureMessages":[]},{"ancestorTitles":["","payments validation","maskCardNumber"],"fullName":" payments validation maskCardNumber masks two digits","status":"passed","title":"masks two digits","duration":0,"failureMessages":[]},{"ancestorTitles":["","payments validation","maskCardNumber"],"fullName":" payments validation maskCardNumber masks three digits","status":"passed","title":"masks three digits","duration":0,"failureMessages":[]},{"ancestorTitles":["","payments validation","Edge Cases"],"fullName":" payments validation Edge Cases handles null-like values gracefully","status":"passed","title":"handles null-like values gracefully","duration":0,"failureMessages":[]},{"ancestorTitles":["","payments validation","Edge Cases"],"fullName":" payments validation Edge Cases handles undefined values gracefully","status":"passed","title":"handles undefined values gracefully","duration":0,"failureMessages":[]},{"ancestorTitles":["","payments validation","Edge Cases"],"fullName":" payments validation Edge Cases validates boundary values","status":"passed","title":"validates boundary values","duration":0,"failureMessages":[]}],"startTime":1772757031279,"endTime":1772757031288,"status":"passed","message":"","name":"/Users/sean/Projects/homebit/website/app/utils/validation/__tests__/payments.test.ts"}]}